[ 2017-03-28T22:18:59+08:00 ] 192.168.1.105 /jin/index.php/Content/video/id/7
INFO: [ route_check ] --START--
INFO: CheckRoute Behavior ::run [ RunTime:0.003000s ]
INFO: [ route_check ] --END-- [ RunTime:0.003000s ]
NOTIC: [8192] preg_replace(): The /e modifier is deprecated, use preg_replace_callback instead F:\wamp\www\jin\ThinkPHP\Lib\Core\Dispatcher.class.php 第 132 行.
INFO: [ app_begin ] --START--
INFO: ReadHtmlCache Behavior ::run [ RunTime:0.002000s ]
INFO: [ app_begin ] --END-- [ RunTime:0.002000s ]
NOTIC: [8192] mysql_connect(): The mysql extension is deprecated and will be removed in the future: use mysqli or PDO instead F:\wamp\www\jin\ThinkPHP\Lib\Driver\Db\DbMysql.class.php 第 55 行.
SQL: SHOW COLUMNS FROM `class` [ RunTime:0.005000s ]
NOTIC: [8192] preg_replace(): The /e modifier is deprecated, use preg_replace_callback instead F:\wamp\www\jin\ThinkPHP\Lib\Core\Db.class.php 第 604 行.
SQL: SELECT * FROM `class` WHERE ( pid=0 )  [ RunTime:0.001000s ]
SQL: SHOW COLUMNS FROM `video` [ RunTime:0.006000s ]
NOTIC: [8192] preg_replace(): The /e modifier is deprecated, use preg_replace_callback instead F:\wamp\www\jin\ThinkPHP\Lib\Core\Db.class.php 第 604 行.
SQL: SELECT * FROM `video` ORDER BY inputtime desc  [ RunTime:0.000000s ]
NOTIC: [2] Invalid argument supplied for foreach() F:\wamp\www\jin\Home\Lib\Action\ContentAction.class.php 第 329 行.
NOTIC: [2] Invalid argument supplied for foreach() F:\wamp\www\jin\Home\Lib\Action\ContentAction.class.php 第 340 行.
NOTIC: [8192] preg_replace(): The /e modifier is deprecated, use preg_replace_callback instead F:\wamp\www\jin\ThinkPHP\Lib\Core\Db.class.php 第 604 行.
SQL: SELECT * FROM `class` WHERE ( pid=7 )  [ RunTime:0.000000s ]
NOTIC: [8192] preg_replace(): The /e modifier is deprecated, use preg_replace_callback instead F:\wamp\www\jin\ThinkPHP\Lib\Core\Db.class.php 第 604 行.
SQL: SELECT * FROM `video` WHERE ( classid=8 )  [ RunTime:0.000000s ]
INFO: [ view_parse ] --START--
NOTIC: [8192] preg_replace(): The /e modifier is deprecated, use preg_replace_callback instead F:\wamp\www\jin\ThinkPHP\Lib\Template\ThinkTemplate.class.php 第 273 行.
NOTIC: [8192] preg_replace(): The /e modifier is deprecated, use preg_replace_callback instead F:\wamp\www\jin\ThinkPHP\Lib\Template\ThinkTemplate.class.php 第 273 行.
NOTIC: [8192] preg_replace(): The /e modifier is deprecated, use preg_replace_callback instead F:\wamp\www\jin\ThinkPHP\Lib\Template\ThinkTemplate.class.php 第 273 行.
NOTIC: [8192] preg_replace(): The /e modifier is deprecated, use preg_replace_callback instead F:\wamp\www\jin\ThinkPHP\Lib\Template\ThinkTemplate.class.php 第 168 行.
NOTIC: [8192] preg_replace(): The /e modifier is deprecated, use preg_replace_callback instead F:\wamp\www\jin\ThinkPHP\Lib\Template\ThinkTemplate.class.php 第 404 行.
NOTIC: [8192] preg_replace(): The /e modifier is deprecated, use preg_replace_callback instead F:\wamp\www\jin\ThinkPHP\Lib\Template\ThinkTemplate.class.php 第 404 行.
NOTIC: [8192] preg_replace(): The /e modifier is deprecated, use preg_replace_callback instead F:\wamp\www\jin\ThinkPHP\Lib\Template\ThinkTemplate.class.php 第 404 行.
NOTIC: [8192] preg_replace(): The /e modifier is deprecated, use preg_replace_callback instead F:\wamp\www\jin\ThinkPHP\Lib\Template\ThinkTemplate.class.php 第 404 行.
NOTIC: [8192] preg_replace(): The /e modifier is deprecated, use preg_replace_callback instead F:\wamp\www\jin\ThinkPHP\Lib\Template\ThinkTemplate.class.php 第 404 行.
NOTIC: [8192] preg_replace(): The /e modifier is deprecated, use preg_replace_callback instead F:\wamp\www\jin\ThinkPHP\Lib\Template\ThinkTemplate.class.php 第 404 行.
NOTIC: [8192] preg_replace(): The /e modifier is deprecated, use preg_replace_callback instead F:\wamp\www\jin\ThinkPHP\Lib\Template\ThinkTemplate.class.php 第 404 行.
NOTIC: [8192] preg_replace(): The /e modifier is deprecated, use preg_replace_callback instead F:\wamp\www\jin\ThinkPHP\Lib\Template\ThinkTemplate.class.php 第 404 行.
NOTIC: [8192] preg_replace(): The /e modifier is deprecated, use preg_replace_callback instead F:\wamp\www\jin\ThinkPHP\Lib\Template\ThinkTemplate.class.php 第 273 行.
NOTIC: [8192] preg_replace(): The /e modifier is deprecated, use preg_replace_callback instead F:\wamp\www\jin\ThinkPHP\Lib\Template\ThinkTemplate.class.php 第 168 行.
NOTIC: [8192] preg_replace(): The /e modifier is deprecated, use preg_replace_callback instead F:\wamp\www\jin\ThinkPHP\Lib\Template\ThinkTemplate.class.php 第 404 行.
NOTIC: [8192] preg_replace(): The /e modifier is deprecated, use preg_replace_callback instead F:\wamp\www\jin\ThinkPHP\Lib\Template\ThinkTemplate.class.php 第 404 行.
NOTIC: [8192] preg_replace(): The /e modifier is deprecated, use preg_replace_callback instead F:\wamp\www\jin\ThinkPHP\Lib\Template\ThinkTemplate.class.php 第 404 行.
NOTIC: [8192] preg_replace(): The /e modifier is deprecated, use preg_replace_callback instead F:\wamp\www\jin\ThinkPHP\Lib\Template\ThinkTemplate.class.php 第 404 行.
NOTIC: [8192] preg_replace(): The /e modifier is deprecated, use preg_replace_callback instead F:\wamp\www\jin\ThinkPHP\Lib\Template\ThinkTemplate.class.php 第 404 行.
NOTIC: [8192] preg_replace(): The /e modifier is deprecated, use preg_replace_callback instead F:\wamp\www\jin\ThinkPHP\Lib\Template\ThinkTemplate.class.php 第 404 行.
NOTIC: [8192] preg_replace(): The /e modifier is deprecated, use preg_replace_callback instead F:\wamp\www\jin\ThinkPHP\Lib\Template\ThinkTemplate.class.php 第 404 行.
NOTIC: [8192] preg_replace(): The /e modifier is deprecated, use preg_replace_callback instead F:\wamp\www\jin\ThinkPHP\Lib\Template\ThinkTemplate.class.php 第 404 行.
NOTIC: [8192] preg_replace(): The /e modifier is deprecated, use preg_replace_callback instead F:\wamp\www\jin\ThinkPHP\Lib\Template\ThinkTemplate.class.php 第 404 行.
NOTIC: [8192] preg_replace(): The /e modifier is deprecated, use preg_replace_callback instead F:\wamp\www\jin\ThinkPHP\Lib\Template\ThinkTemplate.class.php 第 404 行.
NOTIC: [8192] preg_replace(): The /e modifier is deprecated, use preg_replace_callback instead F:\wamp\www\jin\ThinkPHP\Lib\Template\ThinkTemplate.class.php 第 404 行.
NOTIC: [8192] preg_replace(): The /e modifier is deprecated, use preg_replace_callback instead F:\wamp\www\jin\ThinkPHP\Lib\Template\ThinkTemplate.class.php 第 404 行.
NOTIC: [8192] preg_replace(): The /e modifier is deprecated, use preg_replace_callback instead F:\wamp\www\jin\ThinkPHP\Lib\Template\ThinkTemplate.class.php 第 399 行.
NOTIC: [8192] preg_replace(): The /e modifier is deprecated, use preg_replace_callback instead F:\wamp\www\jin\ThinkPHP\Lib\Template\ThinkTemplate.class.php 第 399 行.
NOTIC: [8192] preg_replace(): The /e modifier is deprecated, use preg_replace_callback instead F:\wamp\www\jin\ThinkPHP\Lib\Template\ThinkTemplate.class.php 第 404 行.
NOTIC: [8192] preg_replace(): The /e modifier is deprecated, use preg_replace_callback instead F:\wamp\www\jin\ThinkPHP\Lib\Template\ThinkTemplate.class.php 第 404 行.
NOTIC: [8192] preg_replace(): The /e modifier is deprecated, use preg_replace_callback instead F:\wamp\www\jin\ThinkPHP\Lib\Template\ThinkTemplate.class.php 第 404 行.
NOTIC: [8192] preg_replace(): The /e modifier is deprecated, use preg_replace_callback instead F:\wamp\www\jin\ThinkPHP\Lib\Template\ThinkTemplate.class.php 第 399 行.
NOTIC: [8192] preg_replace(): The /e modifier is deprecated, use preg_replace_callback instead F:\wamp\www\jin\ThinkPHP\Lib\Template\ThinkTemplate.class.php 第 404 行.
NOTIC: [8192] preg_replace(): The /e modifier is deprecated, use preg_replace_callback instead F:\wamp\www\jin\ThinkPHP\Lib\Template\ThinkTemplate.class.php 第 404 行.
NOTIC: [8192] preg_replace(): The /e modifier is deprecated, use preg_replace_callback instead F:\wamp\www\jin\ThinkPHP\Lib\Template\ThinkTemplate.class.php 第 404 行.
NOTIC: [8192] preg_replace(): The /e modifier is deprecated, use preg_replace_callback instead F:\wamp\www\jin\ThinkPHP\Lib\Template\ThinkTemplate.class.php 第 404 行.
NOTIC: [8192] preg_replace(): The /e modifier is deprecated, use preg_replace_callback instead F:\wamp\www\jin\ThinkPHP\Lib\Template\ThinkTemplate.class.php 第 404 行.
NOTIC: [8192] preg_replace(): The /e modifier is deprecated, use preg_replace_callback instead F:\wamp\www\jin\ThinkPHP\Lib\Template\ThinkTemplate.class.php 第 404 行.
NOTIC: [8192] preg_replace(): The /e modifier is deprecated, use preg_replace_callback instead F:\wamp\www\jin\ThinkPHP\Lib\Template\ThinkTemplate.class.php 第 404 行.
NOTIC: [8192] preg_replace(): The /e modifier is deprecated, use preg_replace_callback instead F:\wamp\www\jin\ThinkPHP\Lib\Template\ThinkTemplate.class.php 第 404 行.
NOTIC: [8192] preg_replace(): The /e modifier is deprecated, use preg_replace_callback instead F:\wamp\www\jin\ThinkPHP\Lib\Template\ThinkTemplate.class.php 第 404 行.
NOTIC: [8192] preg_replace(): The /e modifier is deprecated, use preg_replace_callback instead F:\wamp\www\jin\ThinkPHP\Lib\Template\ThinkTemplate.class.php 第 404 行.
NOTIC: [8192] preg_replace(): The /e modifier is deprecated, use preg_replace_callback instead F:\wamp\www\jin\ThinkPHP\Lib\Template\ThinkTemplate.class.php 第 404 行.
NOTIC: [8192] preg_replace(): The /e modifier is deprecated, use preg_replace_callback instead F:\wamp\www\jin\ThinkPHP\Lib\Template\ThinkTemplate.class.php 第 404 行.
NOTIC: [8192] preg_replace(): The /e modifier is deprecated, use preg_replace_callback instead F:\wamp\www\jin\ThinkPHP\Lib\Template\ThinkTemplate.class.php 第 404 行.
NOTIC: [8192] preg_replace(): The /e modifier is deprecated, use preg_replace_callback instead F:\wamp\www\jin\ThinkPHP\Lib\Template\ThinkTemplate.class.php 第 404 行.
NOTIC: [8192] preg_replace(): The /e modifier is deprecated, use preg_replace_callback instead F:\wamp\www\jin\ThinkPHP\Lib\Template\ThinkTemplate.class.php 第 404 行.
NOTIC: [8192] preg_replace(): The /e modifier is deprecated, use preg_replace_callback instead F:\wamp\www\jin\ThinkPHP\Lib\Template\ThinkTemplate.class.php 第 404 行.
NOTIC: [8192] preg_replace(): The /e modifier is deprecated, use preg_replace_callback instead F:\wamp\www\jin\ThinkPHP\Lib\Template\ThinkTemplate.class.php 第 404 行.
NOTIC: [8192] preg_replace(): The /e modifier is deprecated, use preg_replace_callback instead F:\wamp\www\jin\ThinkPHP\Lib\Template\ThinkTemplate.class.php 第 404 行.
NOTIC: [8192] preg_replace(): The /e modifier is deprecated, use preg_replace_callback instead F:\wamp\www\jin\ThinkPHP\Lib\Template\ThinkTemplate.class.php 第 404 行.
NOTIC: [8192] preg_replace(): The /e modifier is deprecated, use preg_replace_callback instead F:\wamp\www\jin\ThinkPHP\Lib\Template\ThinkTemplate.class.php 第 404 行.
NOTIC: [8192] preg_replace(): The /e modifier is deprecated, use preg_replace_callback instead F:\wamp\www\jin\ThinkPHP\Lib\Template\ThinkTemplate.class.php 第 404 行.
NOTIC: [8192] preg_replace(): The /e modifier is deprecated, use preg_replace_callback instead F:\wamp\www\jin\ThinkPHP\Lib\Template\ThinkTemplate.class.php 第 404 行.
NOTIC: [8192] preg_replace(): The /e modifier is deprecated, use preg_replace_callback instead F:\wamp\www\jin\ThinkPHP\Lib\Template\ThinkTemplate.class.php 第 404 行.
NOTIC: [8192] preg_replace(): The /e modifier is deprecated, use preg_replace_callback instead F:\wamp\www\jin\ThinkPHP\Lib\Template\ThinkTemplate.class.php 第 404 行.
NOTIC: [8192] preg_replace(): The /e modifier is deprecated, use preg_replace_callback instead F:\wamp\www\jin\ThinkPHP\Lib\Template\ThinkTemplate.class.php 第 404 行.
NOTIC: [8192] preg_replace(): The /e modifier is deprecated, use preg_replace_callback instead F:\wamp\www\jin\ThinkPHP\Lib\Template\ThinkTemplate.class.php 第 404 行.
NOTIC: [8192] preg_replace(): The /e modifier is deprecated, use preg_replace_callback instead F:\wamp\www\jin\ThinkPHP\Lib\Template\ThinkTemplate.class.php 第 404 行.
NOTIC: [8192] preg_replace(): The /e modifier is deprecated, use preg_replace_callback instead F:\wamp\www\jin\ThinkPHP\Lib\Template\ThinkTemplate.class.php 第 404 行.
NOTIC: [8192] preg_replace(): The /e modifier is deprecated, use preg_replace_callback instead F:\wamp\www\jin\ThinkPHP\Lib\Template\ThinkTemplate.class.php 第 404 行.
NOTIC: [8192] preg_replace(): The /e modifier is deprecated, use preg_replace_callback instead F:\wamp\www\jin\ThinkPHP\Lib\Template\ThinkTemplate.class.php 第 404 行.
NOTIC: [8192] preg_replace(): The /e modifier is deprecated, use preg_replace_callback instead F:\wamp\www\jin\ThinkPHP\Lib\Template\ThinkTemplate.class.php 第 404 行.
NOTIC: [8192] preg_replace(): The /e modifier is deprecated, use preg_replace_callback instead F:\wamp\www\jin\ThinkPHP\Lib\Template\ThinkTemplate.class.php 第 404 行.
NOTIC: [8192] preg_replace(): The /e modifier is deprecated, use preg_replace_callback instead F:\wamp\www\jin\ThinkPHP\Lib\Template\ThinkTemplate.class.php 第 404 行.
NOTIC: [8192] preg_replace(): The /e modifier is deprecated, use preg_replace_callback instead F:\wamp\www\jin\ThinkPHP\Lib\Template\ThinkTemplate.class.php 第 404 行.
NOTIC: [8192] preg_replace(): The /e modifier is deprecated, use preg_replace_callback instead F:\wamp\www\jin\ThinkPHP\Lib\Template\ThinkTemplate.class.php 第 404 行.
NOTIC: [8192] preg_replace(): The /e modifier is deprecated, use preg_replace_callback instead F:\wamp\www\jin\ThinkPHP\Lib\Template\ThinkTemplate.class.php 第 404 行.
NOTIC: [8192] preg_replace(): The /e modifier is deprecated, use preg_replace_callback instead F:\wamp\www\jin\ThinkPHP\Lib\Template\ThinkTemplate.class.php 第 404 行.
NOTIC: [8192] preg_replace(): The /e modifier is deprecated, use preg_replace_callback instead F:\wamp\www\jin\ThinkPHP\Lib\Template\ThinkTemplate.class.php 第 404 行.
NOTIC: [8192] preg_replace(): The /e modifier is deprecated, use preg_replace_callback instead F:\wamp\www\jin\ThinkPHP\Lib\Template\ThinkTemplate.class.php 第 404 行.
NOTIC: [8192] preg_replace(): The /e modifier is deprecated, use preg_replace_callback instead F:\wamp\www\jin\ThinkPHP\Lib\Template\ThinkTemplate.class.php 第 404 行.
NOTIC: [8192] preg_replace(): The /e modifier is deprecated, use preg_replace_callback instead F:\wamp\www\jin\ThinkPHP\Lib\Template\ThinkTemplate.class.php 第 404 行.
NOTIC: [8192] preg_replace(): The /e modifier is deprecated, use preg_replace_callback instead F:\wamp\www\jin\ThinkPHP\Lib\Template\ThinkTemplate.class.php 第 404 行.
NOTIC: [8192] preg_replace(): The /e modifier is deprecated, use preg_replace_callback instead F:\wamp\www\jin\ThinkPHP\Lib\Template\ThinkTemplate.class.php 第 404 行.
NOTIC: [8192] preg_replace(): The /e modifier is deprecated, use preg_replace_callback instead F:\wamp\www\jin\ThinkPHP\Lib\Template\ThinkTemplate.class.php 第 404 行.
NOTIC: [8192] preg_replace(): The /e modifier is deprecated, use preg_replace_callback instead F:\wamp\www\jin\ThinkPHP\Lib\Template\ThinkTemplate.class.php 第 404 行.
NOTIC: [8192] preg_replace(): The /e modifier is deprecated, use preg_replace_callback instead F:\wamp\www\jin\ThinkPHP\Lib\Template\ThinkTemplate.class.php 第 404 行.
NOTIC: [8192] preg_replace(): The /e modifier is deprecated, use preg_replace_callback instead F:\wamp\www\jin\ThinkPHP\Lib\Template\ThinkTemplate.class.php 第 404 行.
NOTIC: [8192] preg_replace(): The /e modifier is deprecated, use preg_replace_callback instead F:\wamp\www\jin\ThinkPHP\Lib\Template\ThinkTemplate.class.php 第 404 行.
NOTIC: [8192] preg_replace(): The /e modifier is deprecated, use preg_replace_callback instead F:\wamp\www\jin\ThinkPHP\Lib\Template\ThinkTemplate.class.php 第 404 行.
NOTIC: [8192] preg_replace(): The /e modifier is deprecated, use preg_replace_callback instead F:\wamp\www\jin\ThinkPHP\Lib\Template\ThinkTemplate.class.php 第 404 行.
NOTIC: [8192] preg_replace(): The /e modifier is deprecated, use preg_replace_callback instead F:\wamp\www\jin\ThinkPHP\Lib\Template\ThinkTemplate.class.php 第 404 行.
NOTIC: [8192] preg_replace(): The /e modifier is deprecated, use preg_replace_callback instead F:\wamp\www\jin\ThinkPHP\Lib\Template\ThinkTemplate.class.php 第 404 行.
NOTIC: [8192] preg_replace(): The /e modifier is deprecated, use preg_replace_callback instead F:\wamp\www\jin\ThinkPHP\Lib\Template\ThinkTemplate.class.php 第 404 行.
NOTIC: [8192] preg_replace(): The /e modifier is deprecated, use preg_replace_callback instead F:\wamp\www\jin\ThinkPHP\Lib\Template\ThinkTemplate.class.php 第 404 行.
NOTIC: [8192] preg_replace(): The /e modifier is deprecated, use preg_replace_callback instead F:\wamp\www\jin\ThinkPHP\Lib\Template\ThinkTemplate.class.php 第 404 行.
NOTIC: [8192] preg_replace(): The /e modifier is deprecated, use preg_replace_callback instead F:\wamp\www\jin\ThinkPHP\Lib\Template\ThinkTemplate.class.php 第 404 行.
NOTIC: [8192] preg_replace(): The /e modifier is deprecated, use preg_replace_callback instead F:\wamp\www\jin\ThinkPHP\Lib\Template\ThinkTemplate.class.php 第 404 行.
NOTIC: [8192] preg_replace(): The /e modifier is deprecated, use preg_replace_callback instead F:\wamp\www\jin\ThinkPHP\Lib\Template\ThinkTemplate.class.php 第 404 行.
NOTIC: [8192] preg_replace(): The /e modifier is deprecated, use preg_replace_callback instead F:\wamp\www\jin\ThinkPHP\Lib\Template\ThinkTemplate.class.php 第 404 行.
NOTIC: [8192] preg_replace(): The /e modifier is deprecated, use preg_replace_callback instead F:\wamp\www\jin\ThinkPHP\Lib\Template\ThinkTemplate.class.php 第 404 行.
NOTIC: [8192] preg_replace(): The /e modifier is deprecated, use preg_replace_callback instead F:\wamp\www\jin\ThinkPHP\Lib\Template\ThinkTemplate.class.php 第 404 行.
NOTIC: [8192] preg_replace(): The /e modifier is deprecated, use preg_replace_callback instead F:\wamp\www\jin\ThinkPHP\Lib\Template\ThinkTemplate.class.php 第 404 行.
NOTIC: [8192] preg_replace(): The /e modifier is deprecated, use preg_replace_callback instead F:\wamp\www\jin\ThinkPHP\Lib\Template\ThinkTemplate.class.php 第 404 行.
NOTIC: [8192] preg_replace(): The /e modifier is deprecated, use preg_replace_callback instead F:\wamp\www\jin\ThinkPHP\Lib\Template\ThinkTemplate.class.php 第 404 行.
NOTIC: [8192] preg_replace(): The /e modifier is deprecated, use preg_replace_callback instead F:\wamp\www\jin\ThinkPHP\Lib\Template\ThinkTemplate.class.php 第 404 行.
NOTIC: [8192] preg_replace(): The /e modifier is deprecated, use preg_replace_callback instead F:\wamp\www\jin\ThinkPHP\Lib\Template\ThinkTemplate.class.php 第 404 行.
NOTIC: [8192] preg_replace(): The /e modifier is deprecated, use preg_replace_callback instead F:\wamp\www\jin\ThinkPHP\Lib\Template\ThinkTemplate.class.php 第 399 行.
NOTIC: [8192] preg_replace(): The /e modifier is deprecated, use preg_replace_callback instead F:\wamp\www\jin\ThinkPHP\Lib\Template\ThinkTemplate.class.php 第 399 行.
NOTIC: [8192] preg_replace(): The /e modifier is deprecated, use preg_replace_callback instead F:\wamp\www\jin\ThinkPHP\Lib\Template\ThinkTemplate.class.php 第 399 行.
NOTIC: [8192] preg_replace(): The /e modifier is deprecated, use preg_replace_callback instead F:\wamp\www\jin\ThinkPHP\Lib\Template\ThinkTemplate.class.php 第 399 行.
NOTIC: [8192] preg_replace(): The /e modifier is deprecated, use preg_replace_callback instead F:\wamp\www\jin\ThinkPHP\Lib\Template\ThinkTemplate.class.php 第 399 行.
NOTIC: [8192] preg_replace(): The /e modifier is deprecated, use preg_replace_callback instead F:\wamp\www\jin\ThinkPHP\Lib\Template\ThinkTemplate.class.php 第 399 行.
NOTIC: [8192] preg_replace(): The /e modifier is deprecated, use preg_replace_callback instead F:\wamp\www\jin\ThinkPHP\Lib\Template\ThinkTemplate.class.php 第 404 行.
NOTIC: [8192] preg_replace(): The /e modifier is deprecated, use preg_replace_callback instead F:\wamp\www\jin\ThinkPHP\Lib\Template\ThinkTemplate.class.php 第 404 行.
NOTIC: [8192] preg_replace(): The /e modifier is deprecated, use preg_replace_callback instead F:\wamp\www\jin\ThinkPHP\Lib\Template\ThinkTemplate.class.php 第 404 行.
NOTIC: [8192] preg_replace(): The /e modifier is deprecated, use preg_replace_callback instead F:\wamp\www\jin\ThinkPHP\Lib\Template\ThinkTemplate.class.php 第 197 行.
NOTIC: [8192] preg_replace(): The /e modifier is deprecated, use preg_replace_callback instead F:\wamp\www\jin\ThinkPHP\Lib\Template\ThinkTemplate.class.php 第 273 行.
NOTIC: [8192] preg_replace(): The /e modifier is deprecated, use preg_replace_callback instead F:\wamp\www\jin\ThinkPHP\Lib\Template\ThinkTemplate.class.php 第 168 行.
NOTIC: [8192] preg_replace(): The /e modifier is deprecated, use preg_replace_callback instead F:\wamp\www\jin\ThinkPHP\Lib\Template\ThinkTemplate.class.php 第 404 行.
NOTIC: [8192] preg_replace(): The /e modifier is deprecated, use preg_replace_callback instead F:\wamp\www\jin\ThinkPHP\Lib\Template\ThinkTemplate.class.php 第 404 行.
NOTIC: [8192] preg_replace(): The /e modifier is deprecated, use preg_replace_callback instead F:\wamp\www\jin\ThinkPHP\Lib\Template\ThinkTemplate.class.php 第 404 行.
NOTIC: [8192] preg_replace(): The /e modifier is deprecated, use preg_replace_callback instead F:\wamp\www\jin\ThinkPHP\Lib\Template\ThinkTemplate.class.php 第 404 行.
NOTIC: [8192] preg_replace(): The /e modifier is deprecated, use preg_replace_callback instead F:\wamp\www\jin\ThinkPHP\Lib\Template\ThinkTemplate.class.php 第 404 行.
NOTIC: [8192] preg_replace(): The /e modifier is deprecated, use preg_replace_callback instead F:\wamp\www\jin\ThinkPHP\Lib\Template\ThinkTemplate.class.php 第 404 行.
NOTIC: [8192] preg_replace(): The /e modifier is deprecated, use preg_replace_callback instead F:\wamp\www\jin\ThinkPHP\Lib\Template\ThinkTemplate.class.php 第 404 行.
NOTIC: [8192] preg_replace(): The /e modifier is deprecated, use preg_replace_callback instead F:\wamp\www\jin\ThinkPHP\Lib\Template\ThinkTemplate.class.php 第 404 行.
NOTIC: [8192] preg_replace(): The /e modifier is deprecated, use preg_replace_callback instead F:\wamp\www\jin\ThinkPHP\Lib\Template\ThinkTemplate.class.php 第 404 行.
NOTIC: [8192] preg_replace(): The /e modifier is deprecated, use preg_replace_callback instead F:\wamp\www\jin\ThinkPHP\Lib\Template\ThinkTemplate.class.php 第 404 行.
NOTIC: [8192] preg_replace(): The /e modifier is deprecated, use preg_replace_callback instead F:\wamp\www\jin\ThinkPHP\Lib\Template\ThinkTemplate.class.php 第 404 行.
NOTIC: [8192] preg_replace(): The /e modifier is deprecated, use preg_replace_callback instead F:\wamp\www\jin\ThinkPHP\Lib\Template\ThinkTemplate.class.php 第 404 行.
NOTIC: [8192] preg_replace(): The /e modifier is deprecated, use preg_replace_callback instead F:\wamp\www\jin\ThinkPHP\Lib\Template\ThinkTemplate.class.php 第 399 行.
NOTIC: [8192] preg_replace(): The /e modifier is deprecated, use preg_replace_callback instead F:\wamp\www\jin\ThinkPHP\Lib\Template\ThinkTemplate.class.php 第 399 行.
NOTIC: [8192] preg_replace(): The /e modifier is deprecated, use preg_replace_callback instead F:\wamp\www\jin\ThinkPHP\Lib\Template\ThinkTemplate.class.php 第 404 行.
NOTIC: [8192] preg_replace(): The /e modifier is deprecated, use preg_replace_callback instead F:\wamp\www\jin\ThinkPHP\Lib\Template\ThinkTemplate.class.php 第 404 行.
NOTIC: [8192] preg_replace(): The /e modifier is deprecated, use preg_replace_callback instead F:\wamp\www\jin\ThinkPHP\Lib\Template\ThinkTemplate.class.php 第 404 行.
NOTIC: [8192] preg_replace(): The /e modifier is deprecated, use preg_replace_callback instead F:\wamp\www\jin\ThinkPHP\Lib\Template\ThinkTemplate.class.php 第 399 行.
NOTIC: [8192] preg_replace(): The /e modifier is deprecated, use preg_replace_callback instead F:\wamp\www\jin\ThinkPHP\Lib\Template\ThinkTemplate.class.php 第 404 行.
NOTIC: [8192] preg_replace(): The /e modifier is deprecated, use preg_replace_callback instead F:\wamp\www\jin\ThinkPHP\Lib\Template\ThinkTemplate.class.php 第 404 行.
NOTIC: [8192] preg_replace(): The /e modifier is deprecated, use preg_replace_callback instead F:\wamp\www\jin\ThinkPHP\Lib\Template\ThinkTemplate.class.php 第 404 行.
NOTIC: [8192] preg_replace(): The /e modifier is deprecated, use preg_replace_callback instead F:\wamp\www\jin\ThinkPHP\Lib\Template\ThinkTemplate.class.php 第 404 行.
NOTIC: [8192] preg_replace(): The /e modifier is deprecated, use preg_replace_callback instead F:\wamp\www\jin\ThinkPHP\Lib\Template\ThinkTemplate.class.php 第 404 行.
NOTIC: [8192] preg_replace(): The /e modifier is deprecated, use preg_replace_callback instead F:\wamp\www\jin\ThinkPHP\Lib\Template\ThinkTemplate.class.php 第 404 行.
NOTIC: [8192] preg_replace(): The /e modifier is deprecated, use preg_replace_callback instead F:\wamp\www\jin\ThinkPHP\Lib\Template\ThinkTemplate.class.php 第 404 行.
NOTIC: [8192] preg_replace(): The /e modifier is deprecated, use preg_replace_callback instead F:\wamp\www\jin\ThinkPHP\Lib\Template\ThinkTemplate.class.php 第 404 行.
NOTIC: [8192] preg_replace(): The /e modifier is deprecated, use preg_replace_callback instead F:\wamp\www\jin\ThinkPHP\Lib\Template\ThinkTemplate.class.php 第 404 行.
NOTIC: [8192] preg_replace(): The /e modifier is deprecated, use preg_replace_callback instead F:\wamp\www\jin\ThinkPHP\Lib\Template\ThinkTemplate.class.php 第 404 行.
NOTIC: [8192] preg_replace(): The /e modifier is deprecated, use preg_replace_callback instead F:\wamp\www\jin\ThinkPHP\Lib\Template\ThinkTemplate.class.php 第 404 行.
NOTIC: [8192] preg_replace(): The /e modifier is deprecated, use preg_replace_callback instead F:\wamp\www\jin\ThinkPHP\Lib\Template\ThinkTemplate.class.php 第 404 行.
NOTIC: [8192] preg_replace(): The /e modifier is deprecated, use preg_replace_callback instead F:\wamp\www\jin\ThinkPHP\Lib\Template\ThinkTemplate.class.php 第 404 行.
NOTIC: [8192] preg_replace(): The /e modifier is deprecated, use preg_replace_callback instead F:\wamp\www\jin\ThinkPHP\Lib\Template\ThinkTemplate.class.php 第 404 行.
NOTIC: [8192] preg_replace(): The /e modifier is deprecated, use preg_replace_callback instead F:\wamp\www\jin\ThinkPHP\Lib\Template\ThinkTemplate.class.php 第 404 行.
NOTIC: [8192] preg_replace(): The /e modifier is deprecated, use preg_replace_callback instead F:\wamp\www\jin\ThinkPHP\Lib\Template\ThinkTemplate.class.php 第 404 行.
NOTIC: [8192] preg_replace(): The /e modifier is deprecated, use preg_replace_callback instead F:\wamp\www\jin\ThinkPHP\Lib\Template\ThinkTemplate.class.php 第 404 行.
NOTIC: [8192] preg_replace(): The /e modifier is deprecated, use preg_replace_callback instead F:\wamp\www\jin\ThinkPHP\Lib\Template\ThinkTemplate.class.php 第 404 行.
NOTIC: [8192] preg_replace(): The /e modifier is deprecated, use preg_replace_callback instead F:\wamp\www\jin\ThinkPHP\Lib\Template\ThinkTemplate.class.php 第 404 行.
NOTIC: [8192] preg_replace(): The /e modifier is deprecated, use preg_replace_callback instead F:\wamp\www\jin\ThinkPHP\Lib\Template\ThinkTemplate.class.php 第 404 行.
NOTIC: [8192] preg_replace(): The /e modifier is deprecated, use preg_replace_callback instead F:\wamp\www\jin\ThinkPHP\Lib\Template\ThinkTemplate.class.php 第 404 行.
NOTIC: [8192] preg_replace(): The /e modifier is deprecated, use preg_replace_callback instead F:\wamp\www\jin\ThinkPHP\Lib\Template\ThinkTemplate.class.php 第 404 行.
NOTIC: [8192] preg_replace(): The /e modifier is deprecated, use preg_replace_callback instead F:\wamp\www\jin\ThinkPHP\Lib\Template\ThinkTemplate.class.php 第 404 行.
NOTIC: [8192] preg_replace(): The /e modifier is deprecated, use preg_replace_callback instead F:\wamp\www\jin\ThinkPHP\Lib\Template\ThinkTemplate.class.php 第 404 行.
NOTIC: [8192] preg_replace(): The /e modifier is deprecated, use preg_replace_callback instead F:\wamp\www\jin\ThinkPHP\Lib\Template\ThinkTemplate.class.php 第 404 行.
NOTIC: [8192] preg_replace(): The /e modifier is deprecated, use preg_replace_callback instead F:\wamp\www\jin\ThinkPHP\Lib\Template\ThinkTemplate.class.php 第 404 行.
NOTIC: [8192] preg_replace(): The /e modifier is deprecated, use preg_replace_callback instead F:\wamp\www\jin\ThinkPHP\Lib\Template\ThinkTemplate.class.php 第 404 行.
NOTIC: [8192] preg_replace(): The /e modifier is deprecated, use preg_replace_callback instead F:\wamp\www\jin\ThinkPHP\Lib\Template\ThinkTemplate.class.php 第 404 行.
NOTIC: [8192] preg_replace(): The /e modifier is deprecated, use preg_replace_callback instead F:\wamp\www\jin\ThinkPHP\Lib\Template\ThinkTemplate.class.php 第 404 行.
NOTIC: [8192] preg_replace(): The /e modifier is deprecated, use preg_replace_callback instead F:\wamp\www\jin\ThinkPHP\Lib\Template\ThinkTemplate.class.php 第 404 行.
NOTIC: [8192] preg_replace(): The /e modifier is deprecated, use preg_replace_callback instead F:\wamp\www\jin\ThinkPHP\Lib\Template\ThinkTemplate.class.php 第 404 行.
NOTIC: [8192] preg_replace(): The /e modifier is deprecated, use preg_replace_callback instead F:\wamp\www\jin\ThinkPHP\Lib\Template\ThinkTemplate.class.php 第 404 行.
NOTIC: [8192] preg_replace(): The /e modifier is deprecated, use preg_replace_callback instead F:\wamp\www\jin\ThinkPHP\Lib\Template\ThinkTemplate.class.php 第 404 行.
NOTIC: [8192] preg_replace(): The /e modifier is deprecated, use preg_replace_callback instead F:\wamp\www\jin\ThinkPHP\Lib\Template\ThinkTemplate.class.php 第 404 行.
NOTIC: [8192] preg_replace(): The /e modifier is deprecated, use preg_replace_callback instead F:\wamp\www\jin\ThinkPHP\Lib\Template\ThinkTemplate.class.php 第 404 行.
NOTIC: [8192] preg_replace(): The /e modifier is deprecated, use preg_replace_callback instead F:\wamp\www\jin\ThinkPHP\Lib\Template\ThinkTemplate.class.php 第 404 行.
NOTIC: [8192] preg_replace(): The /e modifier is deprecated, use preg_replace_callback instead F:\wamp\www\jin\ThinkPHP\Lib\Template\ThinkTemplate.class.php 第 404 行.
NOTIC: [8192] preg_replace(): The /e modifier is deprecated, use preg_replace_callback instead F:\wamp\www\jin\ThinkPHP\Lib\Template\ThinkTemplate.class.php 第 404 行.
NOTIC: [8192] preg_replace(): The /e modifier is deprecated, use preg_replace_callback instead F:\wamp\www\jin\ThinkPHP\Lib\Template\ThinkTemplate.class.php 第 404 行.
NOTIC: [8192] preg_replace(): The /e modifier is deprecated, use preg_replace_callback instead F:\wamp\www\jin\ThinkPHP\Lib\Template\ThinkTemplate.class.php 第 404 行.
NOTIC: [8192] preg_replace(): The /e modifier is deprecated, use preg_replace_callback instead F:\wamp\www\jin\ThinkPHP\Lib\Template\ThinkTemplate.class.php 第 404 行.
NOTIC: [8192] preg_replace(): The /e modifier is deprecated, use preg_replace_callback instead F:\wamp\www\jin\ThinkPHP\Lib\Template\ThinkTemplate.class.php 第 404 行.
NOTIC: [8192] preg_replace(): The /e modifier is deprecated, use preg_replace_callback instead F:\wamp\www\jin\ThinkPHP\Lib\Template\ThinkTemplate.class.php 第 404 行.
NOTIC: [8192] preg_replace(): The /e modifier is deprecated, use preg_replace_callback instead F:\wamp\www\jin\ThinkPHP\Lib\Template\ThinkTemplate.class.php 第 404 行.
NOTIC: [8192] preg_replace(): The /e modifier is deprecated, use preg_replace_callback instead F:\wamp\www\jin\ThinkPHP\Lib\Template\ThinkTemplate.class.php 第 404 行.
NOTIC: [8192] preg_replace(): The /e modifier is deprecated, use preg_replace_callback instead F:\wamp\www\jin\ThinkPHP\Lib\Template\ThinkTemplate.class.php 第 404 行.
NOTIC: [8192] preg_replace(): The /e modifier is deprecated, use preg_replace_callback instead F:\wamp\www\jin\ThinkPHP\Lib\Template\ThinkTemplate.class.php 第 404 行.
NOTIC: [8192] preg_replace(): The /e modifier is deprecated, use preg_replace_callback instead F:\wamp\www\jin\ThinkPHP\Lib\Template\ThinkTemplate.class.php 第 404 行.
NOTIC: [8192] preg_replace(): The /e modifier is deprecated, use preg_replace_callback instead F:\wamp\www\jin\ThinkPHP\Lib\Template\ThinkTemplate.class.php 第 404 行.
NOTIC: [8192] preg_replace(): The /e modifier is deprecated, use preg_replace_callback instead F:\wamp\www\jin\ThinkPHP\Lib\Template\ThinkTemplate.class.php 第 404 行.
NOTIC: [8192] preg_replace(): The /e modifier is deprecated, use preg_replace_callback instead F:\wamp\www\jin\ThinkPHP\Lib\Template\ThinkTemplate.class.php 第 404 行.
NOTIC: [8192] preg_replace(): The /e modifier is deprecated, use preg_replace_callback instead F:\wamp\www\jin\ThinkPHP\Lib\Template\ThinkTemplate.class.php 第 404 行.
NOTIC: [8192] preg_replace(): The /e modifier is deprecated, use preg_replace_callback instead F:\wamp\www\jin\ThinkPHP\Lib\Template\ThinkTemplate.class.php 第 404 行.
NOTIC: [8192] preg_replace(): The /e modifier is deprecated, use preg_replace_callback instead F:\wamp\www\jin\ThinkPHP\Lib\Template\ThinkTemplate.class.php 第 404 行.
NOTIC: [8192] preg_replace(): The /e modifier is deprecated, use preg_replace_callback instead F:\wamp\www\jin\ThinkPHP\Lib\Template\ThinkTemplate.class.php 第 404 行.
NOTIC: [8192] preg_replace(): The /e modifier is deprecated, use preg_replace_callback instead F:\wamp\www\jin\ThinkPHP\Lib\Template\ThinkTemplate.class.php 第 404 行.
NOTIC: [8192] preg_replace(): The /e modifier is deprecated, use preg_replace_callback instead F:\wamp\www\jin\ThinkPHP\Lib\Template\ThinkTemplate.class.php 第 404 行.
NOTIC: [8192] preg_replace(): The /e modifier is deprecated, use preg_replace_callback instead F:\wamp\www\jin\ThinkPHP\Lib\Template\ThinkTemplate.class.php 第 404 行.
NOTIC: [8192] preg_replace(): The /e modifier is deprecated, use preg_replace_callback instead F:\wamp\www\jin\ThinkPHP\Lib\Template\ThinkTemplate.class.php 第 404 行.
NOTIC: [8192] preg_replace(): The /e modifier is deprecated, use preg_replace_callback instead F:\wamp\www\jin\ThinkPHP\Lib\Template\ThinkTemplate.class.php 第 404 行.
NOTIC: [8192] preg_replace(): The /e modifier is deprecated, use preg_replace_callback instead F:\wamp\www\jin\ThinkPHP\Lib\Template\ThinkTemplate.class.php 第 404 行.
NOTIC: [8192] preg_replace(): The /e modifier is deprecated, use preg_replace_callback instead F:\wamp\www\jin\ThinkPHP\Lib\Template\ThinkTemplate.class.php 第 404 行.
NOTIC: [8192] preg_replace(): The /e modifier is deprecated, use preg_replace_callback instead F:\wamp\www\jin\ThinkPHP\Lib\Template\ThinkTemplate.class.php 第 404 行.
NOTIC: [8192] preg_replace(): The /e modifier is deprecated, use preg_replace_callback instead F:\wamp\www\jin\ThinkPHP\Lib\Template\ThinkTemplate.class.php 第 404 行.
NOTIC: [8192] preg_replace(): The /e modifier is deprecated, use preg_replace_callback instead F:\wamp\www\jin\ThinkPHP\Lib\Template\ThinkTemplate.class.php 第 404 行.
NOTIC: [8192] preg_replace(): The /e modifier is deprecated, use preg_replace_callback instead F:\wamp\www\jin\ThinkPHP\Lib\Template\ThinkTemplate.class.php 第 404 行.
NOTIC: [8192] preg_replace(): The /e modifier is deprecated, use preg_replace_callback instead F:\wamp\www\jin\ThinkPHP\Lib\Template\ThinkTemplate.class.php 第 399 行.
NOTIC: [8192] preg_replace(): The /e modifier is deprecated, use preg_replace_callback instead F:\wamp\www\jin\ThinkPHP\Lib\Template\ThinkTemplate.class.php 第 399 行.
NOTIC: [8192] preg_replace(): The /e modifier is deprecated, use preg_replace_callback instead F:\wamp\www\jin\ThinkPHP\Lib\Template\ThinkTemplate.class.php 第 399 行.
NOTIC: [8192] preg_replace(): The /e modifier is deprecated, use preg_replace_callback instead F:\wamp\www\jin\ThinkPHP\Lib\Template\ThinkTemplate.class.php 第 399 行.
NOTIC: [8192] preg_replace(): The /e modifier is deprecated, use preg_replace_callback instead F:\wamp\www\jin\ThinkPHP\Lib\Template\ThinkTemplate.class.php 第 399 行.
NOTIC: [8192] preg_replace(): The /e modifier is deprecated, use preg_replace_callback instead F:\wamp\www\jin\ThinkPHP\Lib\Template\ThinkTemplate.class.php 第 399 行.
NOTIC: [8192] preg_replace(): The /e modifier is deprecated, use preg_replace_callback instead F:\wamp\www\jin\ThinkPHP\Lib\Template\ThinkTemplate.class.php 第 404 行.
NOTIC: [8192] preg_replace(): The /e modifier is deprecated, use preg_replace_callback instead F:\wamp\www\jin\ThinkPHP\Lib\Template\ThinkTemplate.class.php 第 404 行.
NOTIC: [8192] preg_replace(): The /e modifier is deprecated, use preg_replace_callback instead F:\wamp\www\jin\ThinkPHP\Lib\Template\ThinkTemplate.class.php 第 404 行.
NOTIC: [8192] preg_replace(): The /e modifier is deprecated, use preg_replace_callback instead F:\wamp\www\jin\ThinkPHP\Lib\Template\ThinkTemplate.class.php 第 197 行.
NOTIC: [8192] preg_replace(): The /e modifier is deprecated, use preg_replace_callback instead F:\wamp\www\jin\ThinkPHP\Lib\Template\ThinkTemplate.class.php 第 273 行.
NOTIC: [8192] preg_replace(): The /e modifier is deprecated, use preg_replace_callback instead F:\wamp\www\jin\ThinkPHP\Lib\Template\ThinkTemplate.class.php 第 168 行.
NOTIC: [8192] preg_replace(): The /e modifier is deprecated, use preg_replace_callback instead F:\wamp\www\jin\ThinkPHP\Lib\Template\ThinkTemplate.class.php 第 404 行.
NOTIC: [8192] preg_replace(): The /e modifier is deprecated, use preg_replace_callback instead F:\wamp\www\jin\ThinkPHP\Lib\Template\ThinkTemplate.class.php 第 404 行.
NOTIC: [8192] preg_replace(): The /e modifier is deprecated, use preg_replace_callback instead F:\wamp\www\jin\ThinkPHP\Lib\Template\ThinkTemplate.class.php 第 404 行.
NOTIC: [8192] preg_replace(): The /e modifier is deprecated, use preg_replace_callback instead F:\wamp\www\jin\ThinkPHP\Lib\Template\ThinkTemplate.class.php 第 404 行.
NOTIC: [8192] preg_replace(): The /e modifier is deprecated, use preg_replace_callback instead F:\wamp\www\jin\ThinkPHP\Lib\Template\ThinkTemplate.class.php 第 404 行.
NOTIC: [8192] preg_replace(): The /e modifier is deprecated, use preg_replace_callback instead F:\wamp\www\jin\ThinkPHP\Lib\Template\ThinkTemplate.class.php 第 404 行.
NOTIC: [8192] preg_replace(): The /e modifier is deprecated, use preg_replace_callback instead F:\wamp\www\jin\ThinkPHP\Lib\Template\ThinkTemplate.class.php 第 404 行.
NOTIC: [8192] preg_replace(): The /e modifier is deprecated, use preg_replace_callback instead F:\wamp\www\jin\ThinkPHP\Lib\Template\ThinkTemplate.class.php 第 404 行.
NOTIC: [8192] preg_replace(): The /e modifier is deprecated, use preg_replace_callback instead F:\wamp\www\jin\ThinkPHP\Lib\Template\ThinkTemplate.class.php 第 404 行.
NOTIC: [8192] preg_replace(): The /e modifier is deprecated, use preg_replace_callback instead F:\wamp\www\jin\ThinkPHP\Lib\Template\ThinkTemplate.class.php 第 404 行.
NOTIC: [8192] preg_replace(): The /e modifier is deprecated, use preg_replace_callback instead F:\wamp\www\jin\ThinkPHP\Lib\Template\ThinkTemplate.class.php 第 404 行.
NOTIC: [8192] preg_replace(): The /e modifier is deprecated, use preg_replace_callback instead F:\wamp\www\jin\ThinkPHP\Lib\Template\ThinkTemplate.class.php 第 404 行.
NOTIC: [8192] preg_replace(): The /e modifier is deprecated, use preg_replace_callback instead F:\wamp\www\jin\ThinkPHP\Lib\Template\ThinkTemplate.class.php 第 399 行.
NOTIC: [8192] preg_replace(): The /e modifier is deprecated, use preg_replace_callback instead F:\wamp\www\jin\ThinkPHP\Lib\Template\ThinkTemplate.class.php 第 399 行.
NOTIC: [8192] preg_replace(): The /e modifier is deprecated, use preg_replace_callback instead F:\wamp\www\jin\ThinkPHP\Lib\Template\ThinkTemplate.class.php 第 404 行.
NOTIC: [8192] preg_replace(): The /e modifier is deprecated, use preg_replace_callback instead F:\wamp\www\jin\ThinkPHP\Lib\Template\ThinkTemplate.class.php 第 404 行.
NOTIC: [8192] preg_replace(): The /e modifier is deprecated, use preg_replace_callback instead F:\wamp\www\jin\ThinkPHP\Lib\Template\ThinkTemplate.class.php 第 404 行.
NOTIC: [8192] preg_replace(): The /e modifier is deprecated, use preg_replace_callback instead F:\wamp\www\jin\ThinkPHP\Lib\Template\ThinkTemplate.class.php 第 399 行.
NOTIC: [8192] preg_replace(): The /e modifier is deprecated, use preg_replace_callback instead F:\wamp\www\jin\ThinkPHP\Lib\Template\ThinkTemplate.class.php 第 404 行.
NOTIC: [8192] preg_replace(): The /e modifier is deprecated, use preg_replace_callback instead F:\wamp\www\jin\ThinkPHP\Lib\Template\ThinkTemplate.class.php 第 404 行.
NOTIC: [8192] preg_replace(): The /e modifier is deprecated, use preg_replace_callback instead F:\wamp\www\jin\ThinkPHP\Lib\Template\ThinkTemplate.class.php 第 404 行.
NOTIC: [8192] preg_replace(): The /e modifier is deprecated, use preg_replace_callback instead F:\wamp\www\jin\ThinkPHP\Lib\Template\ThinkTemplate.class.php 第 404 行.
NOTIC: [8192] preg_replace(): The /e modifier is deprecated, use preg_replace_callback instead F:\wamp\www\jin\ThinkPHP\Lib\Template\ThinkTemplate.class.php 第 404 行.
NOTIC: [8192] preg_replace(): The /e modifier is deprecated, use preg_replace_callback instead F:\wamp\www\jin\ThinkPHP\Lib\Template\ThinkTemplate.class.php 第 404 行.
NOTIC: [8192] preg_replace(): The /e modifier is deprecated, use preg_replace_callback instead F:\wamp\www\jin\ThinkPHP\Lib\Template\ThinkTemplate.class.php 第 404 行.
NOTIC: [8192] preg_replace(): The /e modifier is deprecated, use preg_replace_callback instead F:\wamp\www\jin\ThinkPHP\Lib\Template\ThinkTemplate.class.php 第 404 行.
NOTIC: [8192] preg_replace(): The /e modifier is deprecated, use preg_replace_callback instead F:\wamp\www\jin\ThinkPHP\Lib\Template\ThinkTemplate.class.php 第 404 行.
NOTIC: [8192] preg_replace(): The /e modifier is deprecated, use preg_replace_callback instead F:\wamp\www\jin\ThinkPHP\Lib\Template\ThinkTemplate.class.php 第 404 行.
NOTIC: [8192] preg_replace(): The /e modifier is deprecated, use preg_replace_callback instead F:\wamp\www\jin\ThinkPHP\Lib\Template\ThinkTemplate.class.php 第 404 行.
NOTIC: [8192] preg_replace(): The /e modifier is deprecated, use preg_replace_callback instead F:\wamp\www\jin\ThinkPHP\Lib\Template\ThinkTemplate.class.php 第 404 行.
NOTIC: [8192] preg_replace(): The /e modifier is deprecated, use preg_replace_callback instead F:\wamp\www\jin\ThinkPHP\Lib\Template\ThinkTemplate.class.php 第 404 行.
NOTIC: [8192] preg_replace(): The /e modifier is deprecated, use preg_replace_callback instead F:\wamp\www\jin\ThinkPHP\Lib\Template\ThinkTemplate.class.php 第 404 行.
NOTIC: [8192] preg_replace(): The /e modifier is deprecated, use preg_replace_callback instead F:\wamp\www\jin\ThinkPHP\Lib\Template\ThinkTemplate.class.php 第 404 行.
NOTIC: [8192] preg_replace(): The /e modifier is deprecated, use preg_replace_callback instead F:\wamp\www\jin\ThinkPHP\Lib\Template\ThinkTemplate.class.php 第 404 行.
NOTIC: [8192] preg_replace(): The /e modifier is deprecated, use preg_replace_callback instead F:\wamp\www\jin\ThinkPHP\Lib\Template\ThinkTemplate.class.php 第 404 行.
NOTIC: [8192] preg_replace(): The /e modifier is deprecated, use preg_replace_callback instead F:\wamp\www\jin\ThinkPHP\Lib\Template\ThinkTemplate.class.php 第 404 行.
NOTIC: [8192] preg_replace(): The /e modifier is deprecated, use preg_replace_callback instead F:\wamp\www\jin\ThinkPHP\Lib\Template\ThinkTemplate.class.php 第 404 行.
NOTIC: [8192] preg_replace(): The /e modifier is deprecated, use preg_replace_callback instead F:\wamp\www\jin\ThinkPHP\Lib\Template\ThinkTemplate.class.php 第 404 行.
NOTIC: [8192] preg_replace(): The /e modifier is deprecated, use preg_replace_callback instead F:\wamp\www\jin\ThinkPHP\Lib\Template\ThinkTemplate.class.php 第 404 行.
NOTIC: [8192] preg_replace(): The /e modifier is deprecated, use preg_replace_callback instead F:\wamp\www\jin\ThinkPHP\Lib\Template\ThinkTemplate.class.php 第 404 行.
NOTIC: [8192] preg_replace(): The /e modifier is deprecated, use preg_replace_callback instead F:\wamp\www\jin\ThinkPHP\Lib\Template\ThinkTemplate.class.php 第 404 行.
NOTIC: [8192] preg_replace(): The /e modifier is deprecated, use preg_replace_callback instead F:\wamp\www\jin\ThinkPHP\Lib\Template\ThinkTemplate.class.php 第 404 行.
NOTIC: [8192] preg_replace(): The /e modifier is deprecated, use preg_replace_callback instead F:\wamp\www\jin\ThinkPHP\Lib\Template\ThinkTemplate.class.php 第 404 行.
NOTIC: [8192] preg_replace(): The /e modifier is deprecated, use preg_replace_callback instead F:\wamp\www\jin\ThinkPHP\Lib\Template\ThinkTemplate.class.php 第 404 行.
NOTIC: [8192] preg_replace(): The /e modifier is deprecated, use preg_replace_callback instead F:\wamp\www\jin\ThinkPHP\Lib\Template\ThinkTemplate.class.php 第 404 行.
NOTIC: [8192] preg_replace(): The /e modifier is deprecated, use preg_replace_callback instead F:\wamp\www\jin\ThinkPHP\Lib\Template\ThinkTemplate.class.php 第 404 行.
NOTIC: [8192] preg_replace(): The /e modifier is deprecated, use preg_replace_callback instead F:\wamp\www\jin\ThinkPHP\Lib\Template\ThinkTemplate.class.php 第 404 行.
NOTIC: [8192] preg_replace(): The /e modifier is deprecated, use preg_replace_callback instead F:\wamp\www\jin\ThinkPHP\Lib\Template\ThinkTemplate.class.php 第 404 行.
NOTIC: [8192] preg_replace(): The /e modifier is deprecated, use preg_replace_callback instead F:\wamp\www\jin\ThinkPHP\Lib\Template\ThinkTemplate.class.php 第 404 行.
NOTIC: [8192] preg_replace(): The /e modifier is deprecated, use preg_replace_callback instead F:\wamp\www\jin\ThinkPHP\Lib\Template\ThinkTemplate.class.php 第 404 行.
NOTIC: [8192] preg_replace(): The /e modifier is deprecated, use preg_replace_callback instead F:\wamp\www\jin\ThinkPHP\Lib\Template\ThinkTemplate.class.php 第 404 行.
NOTIC: [8192] preg_replace(): The /e modifier is deprecated, use preg_replace_callback instead F:\wamp\www\jin\ThinkPHP\Lib\Template\ThinkTemplate.class.php 第 404 行.
NOTIC: [8192] preg_replace(): The /e modifier is deprecated, use preg_replace_callback instead F:\wamp\www\jin\ThinkPHP\Lib\Template\ThinkTemplate.class.php 第 404 行.
NOTIC: [8192] preg_replace(): The /e modifier is deprecated, use preg_replace_callback instead F:\wamp\www\jin\ThinkPHP\Lib\Template\ThinkTemplate.class.php 第 404 行.
NOTIC: [8192] preg_replace(): The /e modifier is deprecated, use preg_replace_callback instead F:\wamp\www\jin\ThinkPHP\Lib\Template\ThinkTemplate.class.php 第 404 行.
NOTIC: [8192] preg_replace(): The /e modifier is deprecated, use preg_replace_callback instead F:\wamp\www\jin\ThinkPHP\Lib\Template\ThinkTemplate.class.php 第 404 行.
NOTIC: [8192] preg_replace(): The /e modifier is deprecated, use preg_replace_callback instead F:\wamp\www\jin\ThinkPHP\Lib\Template\ThinkTemplate.class.php 第 404 行.
NOTIC: [8192] preg_replace(): The /e modifier is deprecated, use preg_replace_callback instead F:\wamp\www\jin\ThinkPHP\Lib\Template\ThinkTemplate.class.php 第 404 行.
NOTIC: [8192] preg_replace(): The /e modifier is deprecated, use preg_replace_callback instead F:\wamp\www\jin\ThinkPHP\Lib\Template\ThinkTemplate.class.php 第 404 行.
NOTIC: [8192] preg_replace(): The /e modifier is deprecated, use preg_replace_callback instead F:\wamp\www\jin\ThinkPHP\Lib\Template\ThinkTemplate.class.php 第 404 行.
NOTIC: [8192] preg_replace(): The /e modifier is deprecated, use preg_replace_callback instead F:\wamp\www\jin\ThinkPHP\Lib\Template\ThinkTemplate.class.php 第 404 行.
NOTIC: [8192] preg_replace(): The /e modifier is deprecated, use preg_replace_callback instead F:\wamp\www\jin\ThinkPHP\Lib\Template\ThinkTemplate.class.php 第 404 行.
NOTIC: [8192] preg_replace(): The /e modifier is deprecated, use preg_replace_callback instead F:\wamp\www\jin\ThinkPHP\Lib\Template\ThinkTemplate.class.php 第 404 行.
NOTIC: [8192] preg_replace(): The /e modifier is deprecated, use preg_replace_callback instead F:\wamp\www\jin\ThinkPHP\Lib\Template\ThinkTemplate.class.php 第 404 行.
NOTIC: [8192] preg_replace(): The /e modifier is deprecated, use preg_replace_callback instead F:\wamp\www\jin\ThinkPHP\Lib\Template\ThinkTemplate.class.php 第 404 行.
NOTIC: [8192] preg_replace(): The /e modifier is deprecated, use preg_replace_callback instead F:\wamp\www\jin\ThinkPHP\Lib\Template\ThinkTemplate.class.php 第 404 行.
NOTIC: [8192] preg_replace(): The /e modifier is deprecated, use preg_replace_callback instead F:\wamp\www\jin\ThinkPHP\Lib\Template\ThinkTemplate.class.php 第 404 行.
NOTIC: [8192] preg_replace(): The /e modifier is deprecated, use preg_replace_callback instead F:\wamp\www\jin\ThinkPHP\Lib\Template\ThinkTemplate.class.php 第 404 行.
NOTIC: [8192] preg_replace(): The /e modifier is deprecated, use preg_replace_callback instead F:\wamp\www\jin\ThinkPHP\Lib\Template\ThinkTemplate.class.php 第 404 行.
NOTIC: [8192] preg_replace(): The /e modifier is deprecated, use preg_replace_callback instead F:\wamp\www\jin\ThinkPHP\Lib\Template\ThinkTemplate.class.php 第 404 行.
NOTIC: [8192] preg_replace(): The /e modifier is deprecated, use preg_replace_callback instead F:\wamp\www\jin\ThinkPHP\Lib\Template\ThinkTemplate.class.php 第 404 行.
NOTIC: [8192] preg_replace(): The /e modifier is deprecated, use preg_replace_callback instead F:\wamp\www\jin\ThinkPHP\Lib\Template\ThinkTemplate.class.php 第 404 行.
NOTIC: [8192] preg_replace(): The /e modifier is deprecated, use preg_replace_callback instead F:\wamp\www\jin\ThinkPHP\Lib\Template\ThinkTemplate.class.php 第 404 行.
NOTIC: [8192] preg_replace(): The /e modifier is deprecated, use preg_replace_callback instead F:\wamp\www\jin\ThinkPHP\Lib\Template\ThinkTemplate.class.php 第 404 行.
NOTIC: [8192] preg_replace(): The /e modifier is deprecated, use preg_replace_callback instead F:\wamp\www\jin\ThinkPHP\Lib\Template\ThinkTemplate.class.php 第 404 行.
NOTIC: [8192] preg_replace(): The /e modifier is deprecated, use preg_replace_callback instead F:\wamp\www\jin\ThinkPHP\Lib\Template\ThinkTemplate.class.php 第 404 行.
NOTIC: [8192] preg_replace(): The /e modifier is deprecated, use preg_replace_callback instead F:\wamp\www\jin\ThinkPHP\Lib\Template\ThinkTemplate.class.php 第 404 行.
NOTIC: [8192] preg_replace(): The /e modifier is deprecated, use preg_replace_callback instead F:\wamp\www\jin\ThinkPHP\Lib\Template\ThinkTemplate.class.php 第 404 行.
NOTIC: [8192] preg_replace(): The /e modifier is deprecated, use preg_replace_callback instead F:\wamp\www\jin\ThinkPHP\Lib\Template\ThinkTemplate.class.php 第 404 行.
NOTIC: [8192] preg_replace(): The /e modifier is deprecated, use preg_replace_callback instead F:\wamp\www\jin\ThinkPHP\Lib\Template\ThinkTemplate.class.php 第 404 行.
NOTIC: [8192] preg_replace(): The /e modifier is deprecated, use preg_replace_callback instead F:\wamp\www\jin\ThinkPHP\Lib\Template\ThinkTemplate.class.php 第 404 行.
NOTIC: [8192] preg_replace(): The /e modifier is deprecated, use preg_replace_callback instead F:\wamp\www\jin\ThinkPHP\Lib\Template\ThinkTemplate.class.php 第 404 行.
NOTIC: [8192] preg_replace(): The /e modifier is deprecated, use preg_replace_callback instead F:\wamp\www\jin\ThinkPHP\Lib\Template\ThinkTemplate.class.php 第 404 行.
NOTIC: [8192] preg_replace(): The /e modifier is deprecated, use preg_replace_callback instead F:\wamp\www\jin\ThinkPHP\Lib\Template\ThinkTemplate.class.php 第 404 行.
NOTIC: [8192] preg_replace(): The /e modifier is deprecated, use preg_replace_callback instead F:\wamp\www\jin\ThinkPHP\Lib\Template\ThinkTemplate.class.php 第 399 行.
NOTIC: [8192] preg_replace(): The /e modifier is deprecated, use preg_replace_callback instead F:\wamp\www\jin\ThinkPHP\Lib\Template\ThinkTemplate.class.php 第 399 行.
NOTIC: [8192] preg_replace(): The /e modifier is deprecated, use preg_replace_callback instead F:\wamp\www\jin\ThinkPHP\Lib\Template\ThinkTemplate.class.php 第 399 行.
NOTIC: [8192] preg_replace(): The /e modifier is deprecated, use preg_replace_callback instead F:\wamp\www\jin\ThinkPHP\Lib\Template\ThinkTemplate.class.php 第 399 行.
NOTIC: [8192] preg_replace(): The /e modifier is deprecated, use preg_replace_callback instead F:\wamp\www\jin\ThinkPHP\Lib\Template\ThinkTemplate.class.php 第 399 行.
NOTIC: [8192] preg_replace(): The /e modifier is deprecated, use preg_replace_callback instead F:\wamp\www\jin\ThinkPHP\Lib\Template\ThinkTemplate.class.php 第 399 行.
NOTIC: [8192] preg_replace(): The /e modifier is deprecated, use preg_replace_callback instead F:\wamp\www\jin\ThinkPHP\Lib\Template\ThinkTemplate.class.php 第 404 行.
NOTIC: [8192] preg_replace(): The /e modifier is deprecated, use preg_replace_callback instead F:\wamp\www\jin\ThinkPHP\Lib\Template\ThinkTemplate.class.php 第 404 行.
NOTIC: [8192] preg_replace(): The /e modifier is deprecated, use preg_replace_callback instead F:\wamp\www\jin\ThinkPHP\Lib\Template\ThinkTemplate.class.php 第 404 行.
NOTIC: [8192] preg_replace(): The /e modifier is deprecated, use preg_replace_callback instead F:\wamp\www\jin\ThinkPHP\Lib\Template\ThinkTemplate.class.php 第 197 行.
NOTIC: [8192] preg_replace(): The /e modifier is deprecated, use preg_replace_callback instead F:\wamp\www\jin\ThinkPHP\Lib\Template\ThinkTemplate.class.php 第 273 行.
NOTIC: [8192] preg_replace(): The /e modifier is deprecated, use preg_replace_callback instead F:\wamp\www\jin\ThinkPHP\Lib\Template\ThinkTemplate.class.php 第 168 行.
NOTIC: [8192] preg_replace(): The /e modifier is deprecated, use preg_replace_callback instead F:\wamp\www\jin\ThinkPHP\Lib\Template\ThinkTemplate.class.php 第 404 行.
NOTIC: [8192] preg_replace(): The /e modifier is deprecated, use preg_replace_callback instead F:\wamp\www\jin\ThinkPHP\Lib\Template\ThinkTemplate.class.php 第 404 行.
NOTIC: [8192] preg_replace(): The /e modifier is deprecated, use preg_replace_callback instead F:\wamp\www\jin\ThinkPHP\Lib\Template\ThinkTemplate.class.php 第 404 行.
NOTIC: [8192] preg_replace(): The /e modifier is deprecated, use preg_replace_callback instead F:\wamp\www\jin\ThinkPHP\Lib\Template\ThinkTemplate.class.php 第 404 行.
NOTIC: [8192] preg_replace(): The /e modifier is deprecated, use preg_replace_callback instead F:\wamp\www\jin\ThinkPHP\Lib\Template\ThinkTemplate.class.php 第 404 行.
NOTIC: [8192] preg_replace(): The /e modifier is deprecated, use preg_replace_callback instead F:\wamp\www\jin\ThinkPHP\Lib\Template\ThinkTemplate.class.php 第 404 行.
NOTIC: [8192] preg_replace(): The /e modifier is deprecated, use preg_replace_callback instead F:\wamp\www\jin\ThinkPHP\Lib\Template\ThinkTemplate.class.php 第 404 行.
NOTIC: [8192] preg_replace(): The /e modifier is deprecated, use preg_replace_callback instead F:\wamp\www\jin\ThinkPHP\Lib\Template\ThinkTemplate.class.php 第 404 行.
NOTIC: [8192] preg_replace(): The /e modifier is deprecated, use preg_replace_callback instead F:\wamp\www\jin\ThinkPHP\Lib\Template\ThinkTemplate.class.php 第 404 行.
NOTIC: [8192] preg_replace(): The /e modifier is deprecated, use preg_replace_callback instead F:\wamp\www\jin\ThinkPHP\Lib\Template\ThinkTemplate.class.php 第 404 行.
NOTIC: [8192] preg_replace(): The /e modifier is deprecated, use preg_replace_callback instead F:\wamp\www\jin\ThinkPHP\Lib\Template\ThinkTemplate.class.php 第 404 行.
NOTIC: [8192] preg_replace(): The /e modifier is deprecated, use preg_replace_callback instead F:\wamp\www\jin\ThinkPHP\Lib\Template\ThinkTemplate.class.php 第 404 行.
NOTIC: [8192] preg_replace(): The /e modifier is deprecated, use preg_replace_callback instead F:\wamp\www\jin\ThinkPHP\Lib\Template\ThinkTemplate.class.php 第 399 行.
NOTIC: [8192] preg_replace(): The /e modifier is deprecated, use preg_replace_callback instead F:\wamp\www\jin\ThinkPHP\Lib\Template\ThinkTemplate.class.php 第 399 行.
NOTIC: [8192] preg_replace(): The /e modifier is deprecated, use preg_replace_callback instead F:\wamp\www\jin\ThinkPHP\Lib\Template\ThinkTemplate.class.php 第 404 行.
NOTIC: [8192] preg_replace(): The /e modifier is deprecated, use preg_replace_callback instead F:\wamp\www\jin\ThinkPHP\Lib\Template\ThinkTemplate.class.php 第 404 行.
NOTIC: [8192] preg_replace(): The /e modifier is deprecated, use preg_replace_callback instead F:\wamp\www\jin\ThinkPHP\Lib\Template\ThinkTemplate.class.php 第 404 行.
NOTIC: [8192] preg_replace(): The /e modifier is deprecated, use preg_replace_callback instead F:\wamp\www\jin\ThinkPHP\Lib\Template\ThinkTemplate.class.php 第 399 行.
NOTIC: [8192] preg_replace(): The /e modifier is deprecated, use preg_replace_callback instead F:\wamp\www\jin\ThinkPHP\Lib\Template\ThinkTemplate.class.php 第 404 行.
NOTIC: [8192] preg_replace(): The /e modifier is deprecated, use preg_replace_callback instead F:\wamp\www\jin\ThinkPHP\Lib\Template\ThinkTemplate.class.php 第 404 行.
NOTIC: [8192] preg_replace(): The /e modifier is deprecated, use preg_replace_callback instead F:\wamp\www\jin\ThinkPHP\Lib\Template\ThinkTemplate.class.php 第 404 行.
NOTIC: [8192] preg_replace(): The /e modifier is deprecated, use preg_replace_callback instead F:\wamp\www\jin\ThinkPHP\Lib\Template\ThinkTemplate.class.php 第 404 行.
NOTIC: [8192] preg_replace(): The /e modifier is deprecated, use preg_replace_callback instead F:\wamp\www\jin\ThinkPHP\Lib\Template\ThinkTemplate.class.php 第 404 行.
NOTIC: [8192] preg_replace(): The /e modifier is deprecated, use preg_replace_callback instead F:\wamp\www\jin\ThinkPHP\Lib\Template\ThinkTemplate.class.php 第 404 行.
NOTIC: [8192] preg_replace(): The /e modifier is deprecated, use preg_replace_callback instead F:\wamp\www\jin\ThinkPHP\Lib\Template\ThinkTemplate.class.php 第 404 行.
NOTIC: [8192] preg_replace(): The /e modifier is deprecated, use preg_replace_callback instead F:\wamp\www\jin\ThinkPHP\Lib\Template\ThinkTemplate.class.php 第 404 行.
NOTIC: [8192] preg_replace(): The /e modifier is deprecated, use preg_replace_callback instead F:\wamp\www\jin\ThinkPHP\Lib\Template\ThinkTemplate.class.php 第 404 行.
NOTIC: [8192] preg_replace(): The /e modifier is deprecated, use preg_replace_callback instead F:\wamp\www\jin\ThinkPHP\Lib\Template\ThinkTemplate.class.php 第 404 行.
NOTIC: [8192] preg_replace(): The /e modifier is deprecated, use preg_replace_callback instead F:\wamp\www\jin\ThinkPHP\Lib\Template\ThinkTemplate.class.php 第 404 行.
NOTIC: [8192] preg_replace(): The /e modifier is deprecated, use preg_replace_callback instead F:\wamp\www\jin\ThinkPHP\Lib\Template\ThinkTemplate.class.php 第 404 行.
NOTIC: [8192] preg_replace(): The /e modifier is deprecated, use preg_replace_callback instead F:\wamp\www\jin\ThinkPHP\Lib\Template\ThinkTemplate.class.php 第 404 行.
NOTIC: [8192] preg_replace(): The /e modifier is deprecated, use preg_replace_callback instead F:\wamp\www\jin\ThinkPHP\Lib\Template\ThinkTemplate.class.php 第 404 行.
NOTIC: [8192] preg_replace(): The /e modifier is deprecated, use preg_replace_callback instead F:\wamp\www\jin\ThinkPHP\Lib\Template\ThinkTemplate.class.php 第 404 行.
NOTIC: [8192] preg_replace(): The /e modifier is deprecated, use preg_replace_callback instead F:\wamp\www\jin\ThinkPHP\Lib\Template\ThinkTemplate.class.php 第 404 行.
NOTIC: [8192] preg_replace(): The /e modifier is deprecated, use preg_replace_callback instead F:\wamp\www\jin\ThinkPHP\Lib\Template\ThinkTemplate.class.php 第 404 行.
NOTIC: [8192] preg_replace(): The /e modifier is deprecated, use preg_replace_callback instead F:\wamp\www\jin\ThinkPHP\Lib\Template\ThinkTemplate.class.php 第 404 行.
NOTIC: [8192] preg_replace(): The /e modifier is deprecated, use preg_replace_callback instead F:\wamp\www\jin\ThinkPHP\Lib\Template\ThinkTemplate.class.php 第 404 行.
NOTIC: [8192] preg_replace(): The /e modifier is deprecated, use preg_replace_callback instead F:\wamp\www\jin\ThinkPHP\Lib\Template\ThinkTemplate.class.php 第 404 行.
NOTIC: [8192] preg_replace(): The /e modifier is deprecated, use preg_replace_callback instead F:\wamp\www\jin\ThinkPHP\Lib\Template\ThinkTemplate.class.php 第 404 行.
NOTIC: [8192] preg_replace(): The /e modifier is deprecated, use preg_replace_callback instead F:\wamp\www\jin\ThinkPHP\Lib\Template\ThinkTemplate.class.php 第 404 行.
NOTIC: [8192] preg_replace(): The /e modifier is deprecated, use preg_replace_callback instead F:\wamp\www\jin\ThinkPHP\Lib\Template\ThinkTemplate.class.php 第 404 行.
NOTIC: [8192] preg_replace(): The /e modifier is deprecated, use preg_replace_callback instead F:\wamp\www\jin\ThinkPHP\Lib\Template\ThinkTemplate.class.php 第 404 行.
NOTIC: [8192] preg_replace(): The /e modifier is deprecated, use preg_replace_callback instead F:\wamp\www\jin\ThinkPHP\Lib\Template\ThinkTemplate.class.php 第 404 行.
NOTIC: [8192] preg_replace(): The /e modifier is deprecated, use preg_replace_callback instead F:\wamp\www\jin\ThinkPHP\Lib\Template\ThinkTemplate.class.php 第 404 行.
NOTIC: [8192] preg_replace(): The /e modifier is deprecated, use preg_replace_callback instead F:\wamp\www\jin\ThinkPHP\Lib\Template\ThinkTemplate.class.php 第 404 行.
NOTIC: [8192] preg_replace(): The /e modifier is deprecated, use preg_replace_callback instead F:\wamp\www\jin\ThinkPHP\Lib\Template\ThinkTemplate.class.php 第 404 行.
NOTIC: [8192] preg_replace(): The /e modifier is deprecated, use preg_replace_callback instead F:\wamp\www\jin\ThinkPHP\Lib\Template\ThinkTemplate.class.php 第 404 行.
NOTIC: [8192] preg_replace(): The /e modifier is deprecated, use preg_replace_callback instead F:\wamp\www\jin\ThinkPHP\Lib\Template\ThinkTemplate.class.php 第 404 行.
NOTIC: [8192] preg_replace(): The /e modifier is deprecated, use preg_replace_callback instead F:\wamp\www\jin\ThinkPHP\Lib\Template\ThinkTemplate.class.php 第 404 行.
NOTIC: [8192] preg_replace(): The /e modifier is deprecated, use preg_replace_callback instead F:\wamp\www\jin\ThinkPHP\Lib\Template\ThinkTemplate.class.php 第 404 行.
NOTIC: [8192] preg_replace(): The /e modifier is deprecated, use preg_replace_callback instead F:\wamp\www\jin\ThinkPHP\Lib\Template\ThinkTemplate.class.php 第 404 行.
NOTIC: [8192] preg_replace(): The /e modifier is deprecated, use preg_replace_callback instead F:\wamp\www\jin\ThinkPHP\Lib\Template\ThinkTemplate.class.php 第 404 行.
NOTIC: [8192] preg_replace(): The /e modifier is deprecated, use preg_replace_callback instead F:\wamp\www\jin\ThinkPHP\Lib\Template\ThinkTemplate.class.php 第 404 行.
NOTIC: [8192] preg_replace(): The /e modifier is deprecated, use preg_replace_callback instead F:\wamp\www\jin\ThinkPHP\Lib\Template\ThinkTemplate.class.php 第 404 行.
NOTIC: [8192] preg_replace(): The /e modifier is deprecated, use preg_replace_callback instead F:\wamp\www\jin\ThinkPHP\Lib\Template\ThinkTemplate.class.php 第 404 行.
NOTIC: [8192] preg_replace(): The /e modifier is deprecated, use preg_replace_callback instead F:\wamp\www\jin\ThinkPHP\Lib\Template\ThinkTemplate.class.php 第 404 行.
NOTIC: [8192] preg_replace(): The /e modifier is deprecated, use preg_replace_callback instead F:\wamp\www\jin\ThinkPHP\Lib\Template\ThinkTemplate.class.php 第 404 行.
NOTIC: [8192] preg_replace(): The /e modifier is deprecated, use preg_replace_callback instead F:\wamp\www\jin\ThinkPHP\Lib\Template\ThinkTemplate.class.php 第 404 行.
NOTIC: [8192] preg_replace(): The /e modifier is deprecated, use preg_replace_callback instead F:\wamp\www\jin\ThinkPHP\Lib\Template\ThinkTemplate.class.php 第 404 行.
NOTIC: [8192] preg_replace(): The /e modifier is deprecated, use preg_replace_callback instead F:\wamp\www\jin\ThinkPHP\Lib\Template\ThinkTemplate.class.php 第 404 行.
NOTIC: [8192] preg_replace(): The /e modifier is deprecated, use preg_replace_callback instead F:\wamp\www\jin\ThinkPHP\Lib\Template\ThinkTemplate.class.php 第 404 行.
NOTIC: [8192] preg_replace(): The /e modifier is deprecated, use preg_replace_callback instead F:\wamp\www\jin\ThinkPHP\Lib\Template\ThinkTemplate.class.php 第 404 行.
NOTIC: [8192] preg_replace(): The /e modifier is deprecated, use preg_replace_callback instead F:\wamp\www\jin\ThinkPHP\Lib\Template\ThinkTemplate.class.php 第 404 行.
NOTIC: [8192] preg_replace(): The /e modifier is deprecated, use preg_replace_callback instead F:\wamp\www\jin\ThinkPHP\Lib\Template\ThinkTemplate.class.php 第 404 行.
NOTIC: [8192] preg_replace(): The /e modifier is deprecated, use preg_replace_callback instead F:\wamp\www\jin\ThinkPHP\Lib\Template\ThinkTemplate.class.php 第 404 行.
NOTIC: [8192] preg_replace(): The /e modifier is deprecated, use preg_replace_callback instead F:\wamp\www\jin\ThinkPHP\Lib\Template\ThinkTemplate.class.php 第 404 行.
NOTIC: [8192] preg_replace(): The /e modifier is deprecated, use preg_replace_callback instead F:\wamp\www\jin\ThinkPHP\Lib\Template\ThinkTemplate.class.php 第 404 行.
NOTIC: [8192] preg_replace(): The /e modifier is deprecated, use preg_replace_callback instead F:\wamp\www\jin\ThinkPHP\Lib\Template\ThinkTemplate.class.php 第 404 行.
NOTIC: [8192] preg_replace(): The /e modifier is deprecated, use preg_replace_callback instead F:\wamp\www\jin\ThinkPHP\Lib\Template\ThinkTemplate.class.php 第 404 行.
NOTIC: [8192] preg_replace(): The /e modifier is deprecated, use preg_replace_callback instead F:\wamp\www\jin\ThinkPHP\Lib\Template\ThinkTemplate.class.php 第 404 行.
NOTIC: [8192] preg_replace(): The /e modifier is deprecated, use preg_replace_callback instead F:\wamp\www\jin\ThinkPHP\Lib\Template\ThinkTemplate.class.php 第 404 行.
NOTIC: [8192] preg_replace(): The /e modifier is deprecated, use preg_replace_callback instead F:\wamp\www\jin\ThinkPHP\Lib\Template\ThinkTemplate.class.php 第 404 行.
NOTIC: [8192] preg_replace(): The /e modifier is deprecated, use preg_replace_callback instead F:\wamp\www\jin\ThinkPHP\Lib\Template\ThinkTemplate.class.php 第 404 行.
NOTIC: [8192] preg_replace(): The /e modifier is deprecated, use preg_replace_callback instead F:\wamp\www\jin\ThinkPHP\Lib\Template\ThinkTemplate.class.php 第 404 行.
NOTIC: [8192] preg_replace(): The /e modifier is deprecated, use preg_replace_callback instead F:\wamp\www\jin\ThinkPHP\Lib\Template\ThinkTemplate.class.php 第 404 行.
NOTIC: [8192] preg_replace(): The /e modifier is deprecated, use preg_replace_callback instead F:\wamp\www\jin\ThinkPHP\Lib\Template\ThinkTemplate.class.php 第 404 行.
NOTIC: [8192] preg_replace(): The /e modifier is deprecated, use preg_replace_callback instead F:\wamp\www\jin\ThinkPHP\Lib\Template\ThinkTemplate.class.php 第 404 行.
NOTIC: [8192] preg_replace(): The /e modifier is deprecated, use preg_replace_callback instead F:\wamp\www\jin\ThinkPHP\Lib\Template\ThinkTemplate.class.php 第 404 行.
NOTIC: [8192] preg_replace(): The /e modifier is deprecated, use preg_replace_callback instead F:\wamp\www\jin\ThinkPHP\Lib\Template\ThinkTemplate.class.php 第 404 行.
NOTIC: [8192] preg_replace(): The /e modifier is deprecated, use preg_replace_callback instead F:\wamp\www\jin\ThinkPHP\Lib\Template\ThinkTemplate.class.php 第 404 行.
NOTIC: [8192] preg_replace(): The /e modifier is deprecated, use preg_replace_callback instead F:\wamp\www\jin\ThinkPHP\Lib\Template\ThinkTemplate.class.php 第 404 行.
NOTIC: [8192] preg_replace(): The /e modifier is deprecated, use preg_replace_callback instead F:\wamp\www\jin\ThinkPHP\Lib\Template\ThinkTemplate.class.php 第 404 行.
NOTIC: [8192] preg_replace(): The /e modifier is deprecated, use preg_replace_callback instead F:\wamp\www\jin\ThinkPHP\Lib\Template\ThinkTemplate.class.php 第 404 行.
NOTIC: [8192] preg_replace(): The /e modifier is deprecated, use preg_replace_callback instead F:\wamp\www\jin\ThinkPHP\Lib\Template\ThinkTemplate.class.php 第 404 行.
NOTIC: [8192] preg_replace(): The /e modifier is deprecated, use preg_replace_callback instead F:\wamp\www\jin\ThinkPHP\Lib\Template\ThinkTemplate.class.php 第 399 行.
NOTIC: [8192] preg_replace(): The /e modifier is deprecated, use preg_replace_callback instead F:\wamp\www\jin\ThinkPHP\Lib\Template\ThinkTemplate.class.php 第 399 行.
NOTIC: [8192] preg_replace(): The /e modifier is deprecated, use preg_replace_callback instead F:\wamp\www\jin\ThinkPHP\Lib\Template\ThinkTemplate.class.php 第 399 行.
NOTIC: [8192] preg_replace(): The /e modifier is deprecated, use preg_replace_callback instead F:\wamp\www\jin\ThinkPHP\Lib\Template\ThinkTemplate.class.php 第 399 行.
NOTIC: [8192] preg_replace(): The /e modifier is deprecated, use preg_replace_callback instead F:\wamp\www\jin\ThinkPHP\Lib\Template\ThinkTemplate.class.php 第 399 行.
NOTIC: [8192] preg_replace(): The /e modifier is deprecated, use preg_replace_callback instead F:\wamp\www\jin\ThinkPHP\Lib\Template\ThinkTemplate.class.php 第 399 行.
NOTIC: [8192] preg_replace(): The /e modifier is deprecated, use preg_replace_callback instead F:\wamp\www\jin\ThinkPHP\Lib\Template\ThinkTemplate.class.php 第 404 行.
NOTIC: [8192] preg_replace(): The /e modifier is deprecated, use preg_replace_callback instead F:\wamp\www\jin\ThinkPHP\Lib\Template\ThinkTemplate.class.php 第 404 行.
NOTIC: [8192] preg_replace(): The /e modifier is deprecated, use preg_replace_callback instead F:\wamp\www\jin\ThinkPHP\Lib\Template\ThinkTemplate.class.php 第 404 行.
NOTIC: [8192] preg_replace(): The /e modifier is deprecated, use preg_replace_callback instead F:\wamp\www\jin\ThinkPHP\Lib\Template\ThinkTemplate.class.php 第 197 行.
NOTIC: [8192] preg_replace(): The /e modifier is deprecated, use preg_replace_callback instead F:\wamp\www\jin\ThinkPHP\Lib\Template\ThinkTemplate.class.php 第 273 行.
NOTIC: [8192] preg_replace(): The /e modifier is deprecated, use preg_replace_callback instead F:\wamp\www\jin\ThinkPHP\Lib\Template\ThinkTemplate.class.php 第 168 行.
NOTIC: [8192] preg_replace(): The /e modifier is deprecated, use preg_replace_callback instead F:\wamp\www\jin\ThinkPHP\Lib\Template\ThinkTemplate.class.php 第 404 行.
NOTIC: [8192] preg_replace(): The /e modifier is deprecated, use preg_replace_callback instead F:\wamp\www\jin\ThinkPHP\Lib\Template\ThinkTemplate.class.php 第 404 行.
NOTIC: [8192] preg_replace(): The /e modifier is deprecated, use preg_replace_callback instead F:\wamp\www\jin\ThinkPHP\Lib\Template\ThinkTemplate.class.php 第 404 行.
NOTIC: [8192] preg_replace(): The /e modifier is deprecated, use preg_replace_callback instead F:\wamp\www\jin\ThinkPHP\Lib\Template\ThinkTemplate.class.php 第 404 行.
NOTIC: [8192] preg_replace(): The /e modifier is deprecated, use preg_replace_callback instead F:\wamp\www\jin\ThinkPHP\Lib\Template\ThinkTemplate.class.php 第 404 行.
NOTIC: [8192] preg_replace(): The /e modifier is deprecated, use preg_replace_callback instead F:\wamp\www\jin\ThinkPHP\Lib\Template\ThinkTemplate.class.php 第 404 行.
NOTIC: [8192] preg_replace(): The /e modifier is deprecated, use preg_replace_callback instead F:\wamp\www\jin\ThinkPHP\Lib\Template\ThinkTemplate.class.php 第 404 行.
NOTIC: [8192] preg_replace(): The /e modifier is deprecated, use preg_replace_callback instead F:\wamp\www\jin\ThinkPHP\Lib\Template\ThinkTemplate.class.php 第 404 行.
NOTIC: [8192] preg_replace(): The /e modifier is deprecated, use preg_replace_callback instead F:\wamp\www\jin\ThinkPHP\Lib\Template\ThinkTemplate.class.php 第 404 行.
NOTIC: [8192] preg_replace(): The /e modifier is deprecated, use preg_replace_callback instead F:\wamp\www\jin\ThinkPHP\Lib\Template\ThinkTemplate.class.php 第 404 行.
NOTIC: [8192] preg_replace(): The /e modifier is deprecated, use preg_replace_callback instead F:\wamp\www\jin\ThinkPHP\Lib\Template\ThinkTemplate.class.php 第 404 行.
NOTIC: [8192] preg_replace(): The /e modifier is deprecated, use preg_replace_callback instead F:\wamp\www\jin\ThinkPHP\Lib\Template\ThinkTemplate.class.php 第 404 行.
NOTIC: [8192] preg_replace(): The /e modifier is deprecated, use preg_replace_callback instead F:\wamp\www\jin\ThinkPHP\Lib\Template\ThinkTemplate.class.php 第 399 行.
NOTIC: [8192] preg_replace(): The /e modifier is deprecated, use preg_replace_callback instead F:\wamp\www\jin\ThinkPHP\Lib\Template\ThinkTemplate.class.php 第 399 行.
NOTIC: [8192] preg_replace(): The /e modifier is deprecated, use preg_replace_callback instead F:\wamp\www\jin\ThinkPHP\Lib\Template\ThinkTemplate.class.php 第 404 行.
NOTIC: [8192] preg_replace(): The /e modifier is deprecated, use preg_replace_callback instead F:\wamp\www\jin\ThinkPHP\Lib\Template\ThinkTemplate.class.php 第 404 行.
NOTIC: [8192] preg_replace(): The /e modifier is deprecated, use preg_replace_callback instead F:\wamp\www\jin\ThinkPHP\Lib\Template\ThinkTemplate.class.php 第 404 行.
NOTIC: [8192] preg_replace(): The /e modifier is deprecated, use preg_replace_callback instead F:\wamp\www\jin\ThinkPHP\Lib\Template\ThinkTemplate.class.php 第 399 行.
NOTIC: [8192] preg_replace(): The /e modifier is deprecated, use preg_replace_callback instead F:\wamp\www\jin\ThinkPHP\Lib\Template\ThinkTemplate.class.php 第 404 行.
NOTIC: [8192] preg_replace(): The /e modifier is deprecated, use preg_replace_callback instead F:\wamp\www\jin\ThinkPHP\Lib\Template\ThinkTemplate.class.php 第 404 行.
NOTIC: [8192] preg_replace(): The /e modifier is deprecated, use preg_replace_callback instead F:\wamp\www\jin\ThinkPHP\Lib\Template\ThinkTemplate.class.php 第 404 行.
NOTIC: [8192] preg_replace(): The /e modifier is deprecated, use preg_replace_callback instead F:\wamp\www\jin\ThinkPHP\Lib\Template\ThinkTemplate.class.php 第 404 行.
NOTIC: [8192] preg_replace(): The /e modifier is deprecated, use preg_replace_callback instead F:\wamp\www\jin\ThinkPHP\Lib\Template\ThinkTemplate.class.php 第 404 行.
NOTIC: [8192] preg_replace(): The /e modifier is deprecated, use preg_replace_callback instead F:\wamp\www\jin\ThinkPHP\Lib\Template\ThinkTemplate.class.php 第 404 行.
NOTIC: [8192] preg_replace(): The /e modifier is deprecated, use preg_replace_callback instead F:\wamp\www\jin\ThinkPHP\Lib\Template\ThinkTemplate.class.php 第 404 行.
NOTIC: [8192] preg_replace(): The /e modifier is deprecated, use preg_replace_callback instead F:\wamp\www\jin\ThinkPHP\Lib\Template\ThinkTemplate.class.php 第 404 行.
NOTIC: [8192] preg_replace(): The /e modifier is deprecated, use preg_replace_callback instead F:\wamp\www\jin\ThinkPHP\Lib\Template\ThinkTemplate.class.php 第 404 行.
NOTIC: [8192] preg_replace(): The /e modifier is deprecated, use preg_replace_callback instead F:\wamp\www\jin\ThinkPHP\Lib\Template\ThinkTemplate.class.php 第 404 行.
NOTIC: [8192] preg_replace(): The /e modifier is deprecated, use preg_replace_callback instead F:\wamp\www\jin\ThinkPHP\Lib\Template\ThinkTemplate.class.php 第 404 行.
NOTIC: [8192] preg_replace(): The /e modifier is deprecated, use preg_replace_callback instead F:\wamp\www\jin\ThinkPHP\Lib\Template\ThinkTemplate.class.php 第 404 行.
NOTIC: [8192] preg_replace(): The /e modifier is deprecated, use preg_replace_callback instead F:\wamp\www\jin\ThinkPHP\Lib\Template\ThinkTemplate.class.php 第 404 行.
NOTIC: [8192] preg_replace(): The /e modifier is deprecated, use preg_replace_callback instead F:\wamp\www\jin\ThinkPHP\Lib\Template\ThinkTemplate.class.php 第 404 行.
NOTIC: [8192] preg_replace(): The /e modifier is deprecated, use preg_replace_callback instead F:\wamp\www\jin\ThinkPHP\Lib\Template\ThinkTemplate.class.php 第 404 行.
NOTIC: [8192] preg_replace(): The /e modifier is deprecated, use preg_replace_callback instead F:\wamp\www\jin\ThinkPHP\Lib\Template\ThinkTemplate.class.php 第 404 行.
NOTIC: [8192] preg_replace(): The /e modifier is deprecated, use preg_replace_callback instead F:\wamp\www\jin\ThinkPHP\Lib\Template\ThinkTemplate.class.php 第 404 行.
NOTIC: [8192] preg_replace(): The /e modifier is deprecated, use preg_replace_callback instead F:\wamp\www\jin\ThinkPHP\Lib\Template\ThinkTemplate.class.php 第 404 行.
NOTIC: [8192] preg_replace(): The /e modifier is deprecated, use preg_replace_callback instead F:\wamp\www\jin\ThinkPHP\Lib\Template\ThinkTemplate.class.php 第 404 行.
NOTIC: [8192] preg_replace(): The /e modifier is deprecated, use preg_replace_callback instead F:\wamp\www\jin\ThinkPHP\Lib\Template\ThinkTemplate.class.php 第 404 行.
NOTIC: [8192] preg_replace(): The /e modifier is deprecated, use preg_replace_callback instead F:\wamp\www\jin\ThinkPHP\Lib\Template\ThinkTemplate.class.php 第 404 行.
NOTIC: [8192] preg_replace(): The /e modifier is deprecated, use preg_replace_callback instead F:\wamp\www\jin\ThinkPHP\Lib\Template\ThinkTemplate.class.php 第 404 行.
NOTIC: [8192] preg_replace(): The /e modifier is deprecated, use preg_replace_callback instead F:\wamp\www\jin\ThinkPHP\Lib\Template\ThinkTemplate.class.php 第 404 行.
NOTIC: [8192] preg_replace(): The /e modifier is deprecated, use preg_replace_callback instead F:\wamp\www\jin\ThinkPHP\Lib\Template\ThinkTemplate.class.php 第 404 行.
NOTIC: [8192] preg_replace(): The /e modifier is deprecated, use preg_replace_callback instead F:\wamp\www\jin\ThinkPHP\Lib\Template\ThinkTemplate.class.php 第 404 行.
NOTIC: [8192] preg_replace(): The /e modifier is deprecated, use preg_replace_callback instead F:\wamp\www\jin\ThinkPHP\Lib\Template\ThinkTemplate.class.php 第 404 行.
NOTIC: [8192] preg_replace(): The /e modifier is deprecated, use preg_replace_callback instead F:\wamp\www\jin\ThinkPHP\Lib\Template\ThinkTemplate.class.php 第 404 行.
NOTIC: [8192] preg_replace(): The /e modifier is deprecated, use preg_replace_callback instead F:\wamp\www\jin\ThinkPHP\Lib\Template\ThinkTemplate.class.php 第 404 行.
NOTIC: [8192] preg_replace(): The /e modifier is deprecated, use preg_replace_callback instead F:\wamp\www\jin\ThinkPHP\Lib\Template\ThinkTemplate.class.php 第 404 行.
NOTIC: [8192] preg_replace(): The /e modifier is deprecated, use preg_replace_callback instead F:\wamp\www\jin\ThinkPHP\Lib\Template\ThinkTemplate.class.php 第 404 行.
NOTIC: [8192] preg_replace(): The /e modifier is deprecated, use preg_replace_callback instead F:\wamp\www\jin\ThinkPHP\Lib\Template\ThinkTemplate.class.php 第 404 行.
NOTIC: [8192] preg_replace(): The /e modifier is deprecated, use preg_replace_callback instead F:\wamp\www\jin\ThinkPHP\Lib\Template\ThinkTemplate.class.php 第 404 行.
NOTIC: [8192] preg_replace(): The /e modifier is deprecated, use preg_replace_callback instead F:\wamp\www\jin\ThinkPHP\Lib\Template\ThinkTemplate.class.php 第 404 行.
NOTIC: [8192] preg_replace(): The /e modifier is deprecated, use preg_replace_callback instead F:\wamp\www\jin\ThinkPHP\Lib\Template\ThinkTemplate.class.php 第 404 行.
NOTIC: [8192] preg_replace(): The /e modifier is deprecated, use preg_replace_callback instead F:\wamp\www\jin\ThinkPHP\Lib\Template\ThinkTemplate.class.php 第 404 行.
NOTIC: [8192] preg_replace(): The /e modifier is deprecated, use preg_replace_callback instead F:\wamp\www\jin\ThinkPHP\Lib\Template\ThinkTemplate.class.php 第 404 行.
NOTIC: [8192] preg_replace(): The /e modifier is deprecated, use preg_replace_callback instead F:\wamp\www\jin\ThinkPHP\Lib\Template\ThinkTemplate.class.php 第 404 行.
NOTIC: [8192] preg_replace(): The /e modifier is deprecated, use preg_replace_callback instead F:\wamp\www\jin\ThinkPHP\Lib\Template\ThinkTemplate.class.php 第 404 行.
NOTIC: [8192] preg_replace(): The /e modifier is deprecated, use preg_replace_callback instead F:\wamp\www\jin\ThinkPHP\Lib\Template\ThinkTemplate.class.php 第 404 行.
NOTIC: [8192] preg_replace(): The /e modifier is deprecated, use preg_replace_callback instead F:\wamp\www\jin\ThinkPHP\Lib\Template\ThinkTemplate.class.php 第 404 行.
NOTIC: [8192] preg_replace(): The /e modifier is deprecated, use preg_replace_callback instead F:\wamp\www\jin\ThinkPHP\Lib\Template\ThinkTemplate.class.php 第 404 行.
NOTIC: [8192] preg_replace(): The /e modifier is deprecated, use preg_replace_callback instead F:\wamp\www\jin\ThinkPHP\Lib\Template\ThinkTemplate.class.php 第 404 行.
NOTIC: [8192] preg_replace(): The /e modifier is deprecated, use preg_replace_callback instead F:\wamp\www\jin\ThinkPHP\Lib\Template\ThinkTemplate.class.php 第 404 行.
NOTIC: [8192] preg_replace(): The /e modifier is deprecated, use preg_replace_callback instead F:\wamp\www\jin\ThinkPHP\Lib\Template\ThinkTemplate.class.php 第 404 行.
NOTIC: [8192] preg_replace(): The /e modifier is deprecated, use preg_replace_callback instead F:\wamp\www\jin\ThinkPHP\Lib\Template\ThinkTemplate.class.php 第 404 行.
NOTIC: [8192] preg_replace(): The /e modifier is deprecated, use preg_replace_callback instead F:\wamp\www\jin\ThinkPHP\Lib\Template\ThinkTemplate.class.php 第 404 行.
NOTIC: [8192] preg_replace(): The /e modifier is deprecated, use preg_replace_callback instead F:\wamp\www\jin\ThinkPHP\Lib\Template\ThinkTemplate.class.php 第 404 行.
NOTIC: [8192] preg_replace(): The /e modifier is deprecated, use preg_replace_callback instead F:\wamp\www\jin\ThinkPHP\Lib\Template\ThinkTemplate.class.php 第 404 行.
NOTIC: [8192] preg_replace(): The /e modifier is deprecated, use preg_replace_callback instead F:\wamp\www\jin\ThinkPHP\Lib\Template\ThinkTemplate.class.php 第 404 行.
NOTIC: [8192] preg_replace(): The /e modifier is deprecated, use preg_replace_callback instead F:\wamp\www\jin\ThinkPHP\Lib\Template\ThinkTemplate.class.php 第 404 行.
NOTIC: [8192] preg_replace(): The /e modifier is deprecated, use preg_replace_callback instead F:\wamp\www\jin\ThinkPHP\Lib\Template\ThinkTemplate.class.php 第 404 行.
NOTIC: [8192] preg_replace(): The /e modifier is deprecated, use preg_replace_callback instead F:\wamp\www\jin\ThinkPHP\Lib\Template\ThinkTemplate.class.php 第 404 行.
NOTIC: [8192] preg_replace(): The /e modifier is deprecated, use preg_replace_callback instead F:\wamp\www\jin\ThinkPHP\Lib\Template\ThinkTemplate.class.php 第 404 行.
NOTIC: [8192] preg_replace(): The /e modifier is deprecated, use preg_replace_callback instead F:\wamp\www\jin\ThinkPHP\Lib\Template\ThinkTemplate.class.php 第 404 行.
NOTIC: [8192] preg_replace(): The /e modifier is deprecated, use preg_replace_callback instead F:\wamp\www\jin\ThinkPHP\Lib\Template\ThinkTemplate.class.php 第 404 行.
NOTIC: [8192] preg_replace(): The /e modifier is deprecated, use preg_replace_callback instead F:\wamp\www\jin\ThinkPHP\Lib\Template\ThinkTemplate.class.php 第 404 行.
NOTIC: [8192] preg_replace(): The /e modifier is deprecated, use preg_replace_callback instead F:\wamp\www\jin\ThinkPHP\Lib\Template\ThinkTemplate.class.php 第 404 行.
NOTIC: [8192] preg_replace(): The /e modifier is deprecated, use preg_replace_callback instead F:\wamp\www\jin\ThinkPHP\Lib\Template\ThinkTemplate.class.php 第 404 行.
NOTIC: [8192] preg_replace(): The /e modifier is deprecated, use preg_replace_callback instead F:\wamp\www\jin\ThinkPHP\Lib\Template\ThinkTemplate.class.php 第 404 行.
NOTIC: [8192] preg_replace(): The /e modifier is deprecated, use preg_replace_callback instead F:\wamp\www\jin\ThinkPHP\Lib\Template\ThinkTemplate.class.php 第 404 行.
NOTIC: [8192] preg_replace(): The /e modifier is deprecated, use preg_replace_callback instead F:\wamp\www\jin\ThinkPHP\Lib\Template\ThinkTemplate.class.php 第 404 行.
NOTIC: [8192] preg_replace(): The /e modifier is deprecated, use preg_replace_callback instead F:\wamp\www\jin\ThinkPHP\Lib\Template\ThinkTemplate.class.php 第 404 行.
NOTIC: [8192] preg_replace(): The /e modifier is deprecated, use preg_replace_callback instead F:\wamp\www\jin\ThinkPHP\Lib\Template\ThinkTemplate.class.php 第 404 行.
NOTIC: [8192] preg_replace(): The /e modifier is deprecated, use preg_replace_callback instead F:\wamp\www\jin\ThinkPHP\Lib\Template\ThinkTemplate.class.php 第 404 行.
NOTIC: [8192] preg_replace(): The /e modifier is deprecated, use preg_replace_callback instead F:\wamp\www\jin\ThinkPHP\Lib\Template\ThinkTemplate.class.php 第 404 行.
NOTIC: [8192] preg_replace(): The /e modifier is deprecated, use preg_replace_callback instead F:\wamp\www\jin\ThinkPHP\Lib\Template\ThinkTemplate.class.php 第 404 行.
NOTIC: [8192] preg_replace(): The /e modifier is deprecated, use preg_replace_callback instead F:\wamp\www\jin\ThinkPHP\Lib\Template\ThinkTemplate.class.php 第 399 行.
NOTIC: [8192] preg_replace(): The /e modifier is deprecated, use preg_replace_callback instead F:\wamp\www\jin\ThinkPHP\Lib\Template\ThinkTemplate.class.php 第 399 行.
NOTIC: [8192] preg_replace(): The /e modifier is deprecated, use preg_replace_callback instead F:\wamp\www\jin\ThinkPHP\Lib\Template\ThinkTemplate.class.php 第 399 行.
NOTIC: [8192] preg_replace(): The /e modifier is deprecated, use preg_replace_callback instead F:\wamp\www\jin\ThinkPHP\Lib\Template\ThinkTemplate.class.php 第 399 行.
NOTIC: [8192] preg_replace(): The /e modifier is deprecated, use preg_replace_callback instead F:\wamp\www\jin\ThinkPHP\Lib\Template\ThinkTemplate.class.php 第 399 行.
NOTIC: [8192] preg_replace(): The /e modifier is deprecated, use preg_replace_callback instead F:\wamp\www\jin\ThinkPHP\Lib\Template\ThinkTemplate.class.php 第 399 行.
NOTIC: [8192] preg_replace(): The /e modifier is deprecated, use preg_replace_callback instead F:\wamp\www\jin\ThinkPHP\Lib\Template\ThinkTemplate.class.php 第 404 行.
NOTIC: [8192] preg_replace(): The /e modifier is deprecated, use preg_replace_callback instead F:\wamp\www\jin\ThinkPHP\Lib\Template\ThinkTemplate.class.php 第 404 行.
NOTIC: [8192] preg_replace(): The /e modifier is deprecated, use preg_replace_callback instead F:\wamp\www\jin\ThinkPHP\Lib\Template\ThinkTemplate.class.php 第 404 行.
NOTIC: [8192] preg_replace(): The /e modifier is deprecated, use preg_replace_callback instead F:\wamp\www\jin\ThinkPHP\Lib\Template\ThinkTemplate.class.php 第 197 行.
NOTIC: [8192] preg_replace(): The /e modifier is deprecated, use preg_replace_callback instead F:\wamp\www\jin\ThinkPHP\Lib\Template\ThinkTemplate.class.php 第 404 行.
NOTIC: [8192] preg_replace(): The /e modifier is deprecated, use preg_replace_callback instead F:\wamp\www\jin\ThinkPHP\Lib\Template\ThinkTemplate.class.php 第 404 行.
NOTIC: [8192] preg_replace(): The /e modifier is deprecated, use preg_replace_callback instead F:\wamp\www\jin\ThinkPHP\Lib\Template\ThinkTemplate.class.php 第 404 行.
NOTIC: [8192] preg_replace(): The /e modifier is deprecated, use preg_replace_callback instead F:\wamp\www\jin\ThinkPHP\Lib\Template\ThinkTemplate.class.php 第 404 行.
NOTIC: [8192] preg_replace(): The /e modifier is deprecated, use preg_replace_callback instead F:\wamp\www\jin\ThinkPHP\Lib\Template\ThinkTemplate.class.php 第 399 行.
NOTIC: [8192] preg_replace(): The /e modifier is deprecated, use preg_replace_callback instead F:\wamp\www\jin\ThinkPHP\Lib\Template\ThinkTemplate.class.php 第 399 行.
NOTIC: [8192] preg_replace(): The /e modifier is deprecated, use preg_replace_callback instead F:\wamp\www\jin\ThinkPHP\Lib\Template\ThinkTemplate.class.php 第 404 行.
NOTIC: [8192] preg_replace(): The /e modifier is deprecated, use preg_replace_callback instead F:\wamp\www\jin\ThinkPHP\Lib\Template\ThinkTemplate.class.php 第 404 行.
NOTIC: [8192] preg_replace(): The /e modifier is deprecated, use preg_replace_callback instead F:\wamp\www\jin\ThinkPHP\Lib\Template\ThinkTemplate.class.php 第 404 行.
NOTIC: [8192] preg_replace(): The /e modifier is deprecated, use preg_replace_callback instead F:\wamp\www\jin\ThinkPHP\Lib\Template\ThinkTemplate.class.php 第 399 行.
NOTIC: [8192] preg_replace(): The /e modifier is deprecated, use preg_replace_callback instead F:\wamp\www\jin\ThinkPHP\Lib\Template\ThinkTemplate.class.php 第 404 行.
NOTIC: [8192] preg_replace(): The /e modifier is deprecated, use preg_replace_callback instead F:\wamp\www\jin\ThinkPHP\Lib\Template\ThinkTemplate.class.php 第 404 行.
NOTIC: [8192] preg_replace(): The /e modifier is deprecated, use preg_replace_callback instead F:\wamp\www\jin\ThinkPHP\Lib\Template\ThinkTemplate.class.php 第 404 行.
NOTIC: [8192] preg_replace(): The /e modifier is deprecated, use preg_replace_callback instead F:\wamp\www\jin\ThinkPHP\Lib\Template\ThinkTemplate.class.php 第 404 行.
NOTIC: [8192] preg_replace(): The /e modifier is deprecated, use preg_replace_callback instead F:\wamp\www\jin\ThinkPHP\Lib\Template\ThinkTemplate.class.php 第 404 行.
NOTIC: [8192] preg_replace(): The /e modifier is deprecated, use preg_replace_callback instead F:\wamp\www\jin\ThinkPHP\Lib\Template\ThinkTemplate.class.php 第 404 行.
NOTIC: [8192] preg_replace(): The /e modifier is deprecated, use preg_replace_callback instead F:\wamp\www\jin\ThinkPHP\Lib\Template\ThinkTemplate.class.php 第 404 行.
NOTIC: [8192] preg_replace(): The /e modifier is deprecated, use preg_replace_callback instead F:\wamp\www\jin\ThinkPHP\Lib\Template\ThinkTemplate.class.php 第 404 行.
NOTIC: [8192] preg_replace(): The /e modifier is deprecated, use preg_replace_callback instead F:\wamp\www\jin\ThinkPHP\Lib\Template\ThinkTemplate.class.php 第 404 行.
NOTIC: [8192] preg_replace(): The /e modifier is deprecated, use preg_replace_callback instead F:\wamp\www\jin\ThinkPHP\Lib\Template\ThinkTemplate.class.php 第 404 行.
NOTIC: [8192] preg_replace(): The /e modifier is deprecated, use preg_replace_callback instead F:\wamp\www\jin\ThinkPHP\Lib\Template\ThinkTemplate.class.php 第 404 行.
NOTIC: [8192] preg_replace(): The /e modifier is deprecated, use preg_replace_callback instead F:\wamp\www\jin\ThinkPHP\Lib\Template\ThinkTemplate.class.php 第 404 行.
NOTIC: [8192] preg_replace(): The /e modifier is deprecated, use preg_replace_callback instead F:\wamp\www\jin\ThinkPHP\Lib\Template\ThinkTemplate.class.php 第 404 行.
NOTIC: [8192] preg_replace(): The /e modifier is deprecated, use preg_replace_callback instead F:\wamp\www\jin\ThinkPHP\Lib\Template\ThinkTemplate.class.php 第 404 行.
NOTIC: [8192] preg_replace(): The /e modifier is deprecated, use preg_replace_callback instead F:\wamp\www\jin\ThinkPHP\Lib\Template\ThinkTemplate.class.php 第 404 行.
NOTIC: [8192] preg_replace(): The /e modifier is deprecated, use preg_replace_callback instead F:\wamp\www\jin\ThinkPHP\Lib\Template\ThinkTemplate.class.php 第 404 行.
NOTIC: [8192] preg_replace(): The /e modifier is deprecated, use preg_replace_callback instead F:\wamp\www\jin\ThinkPHP\Lib\Template\ThinkTemplate.class.php 第 404 行.
NOTIC: [8192] preg_replace(): The /e modifier is deprecated, use preg_replace_callback instead F:\wamp\www\jin\ThinkPHP\Lib\Template\ThinkTemplate.class.php 第 404 行.
NOTIC: [8192] preg_replace(): The /e modifier is deprecated, use preg_replace_callback instead F:\wamp\www\jin\ThinkPHP\Lib\Template\ThinkTemplate.class.php 第 404 行.
NOTIC: [8192] preg_replace(): The /e modifier is deprecated, use preg_replace_callback instead F:\wamp\www\jin\ThinkPHP\Lib\Template\ThinkTemplate.class.php 第 404 行.
NOTIC: [8192] preg_replace(): The /e modifier is deprecated, use preg_replace_callback instead F:\wamp\www\jin\ThinkPHP\Lib\Template\ThinkTemplate.class.php 第 404 行.
NOTIC: [8192] preg_replace(): The /e modifier is deprecated, use preg_replace_callback instead F:\wamp\www\jin\ThinkPHP\Lib\Template\ThinkTemplate.class.php 第 404 行.
NOTIC: [8192] preg_replace(): The /e modifier is deprecated, use preg_replace_callback instead F:\wamp\www\jin\ThinkPHP\Lib\Template\ThinkTemplate.class.php 第 404 行.
NOTIC: [8192] preg_replace(): The /e modifier is deprecated, use preg_replace_callback instead F:\wamp\www\jin\ThinkPHP\Lib\Template\ThinkTemplate.class.php 第 404 行.
NOTIC: [8192] preg_replace(): The /e modifier is deprecated, use preg_replace_callback instead F:\wamp\www\jin\ThinkPHP\Lib\Template\ThinkTemplate.class.php 第 404 行.
NOTIC: [8192] preg_replace(): The /e modifier is deprecated, use preg_replace_callback instead F:\wamp\www\jin\ThinkPHP\Lib\Template\ThinkTemplate.class.php 第 404 行.
NOTIC: [8192] preg_replace(): The /e modifier is deprecated, use preg_replace_callback instead F:\wamp\www\jin\ThinkPHP\Lib\Template\ThinkTemplate.class.php 第 404 行.
NOTIC: [8192] preg_replace(): The /e modifier is deprecated, use preg_replace_callback instead F:\wamp\www\jin\ThinkPHP\Lib\Template\ThinkTemplate.class.php 第 404 行.
NOTIC: [8192] preg_replace(): The /e modifier is deprecated, use preg_replace_callback instead F:\wamp\www\jin\ThinkPHP\Lib\Template\ThinkTemplate.class.php 第 404 行.
NOTIC: [8192] preg_replace(): The /e modifier is deprecated, use preg_replace_callback instead F:\wamp\www\jin\ThinkPHP\Lib\Template\ThinkTemplate.class.php 第 404 行.
NOTIC: [8192] preg_replace(): The /e modifier is deprecated, use preg_replace_callback instead F:\wamp\www\jin\ThinkPHP\Lib\Template\ThinkTemplate.class.php 第 404 行.
NOTIC: [8192] preg_replace(): The /e modifier is deprecated, use preg_replace_callback instead F:\wamp\www\jin\ThinkPHP\Lib\Template\ThinkTemplate.class.php 第 404 行.
NOTIC: [8192] preg_replace(): The /e modifier is deprecated, use preg_replace_callback instead F:\wamp\www\jin\ThinkPHP\Lib\Template\ThinkTemplate.class.php 第 404 行.
NOTIC: [8192] preg_replace(): The /e modifier is deprecated, use preg_replace_callback instead F:\wamp\www\jin\ThinkPHP\Lib\Template\ThinkTemplate.class.php 第 404 行.
NOTIC: [8192] preg_replace(): The /e modifier is deprecated, use preg_replace_callback instead F:\wamp\www\jin\ThinkPHP\Lib\Template\ThinkTemplate.class.php 第 404 行.
NOTIC: [8192] preg_replace(): The /e modifier is deprecated, use preg_replace_callback instead F:\wamp\www\jin\ThinkPHP\Lib\Template\ThinkTemplate.class.php 第 404 行.
NOTIC: [8192] preg_replace(): The /e modifier is deprecated, use preg_replace_callback instead F:\wamp\www\jin\ThinkPHP\Lib\Template\ThinkTemplate.class.php 第 404 行.
NOTIC: [8192] preg_replace(): The /e modifier is deprecated, use preg_replace_callback instead F:\wamp\www\jin\ThinkPHP\Lib\Template\ThinkTemplate.class.php 第 404 行.
NOTIC: [8192] preg_replace(): The /e modifier is deprecated, use preg_replace_callback instead F:\wamp\www\jin\ThinkPHP\Lib\Template\ThinkTemplate.class.php 第 404 行.
NOTIC: [8192] preg_replace(): The /e modifier is deprecated, use preg_replace_callback instead F:\wamp\www\jin\ThinkPHP\Lib\Template\ThinkTemplate.class.php 第 404 行.
NOTIC: [8192] preg_replace(): The /e modifier is deprecated, use preg_replace_callback instead F:\wamp\www\jin\ThinkPHP\Lib\Template\ThinkTemplate.class.php 第 404 行.
NOTIC: [8192] preg_replace(): The /e modifier is deprecated, use preg_replace_callback instead F:\wamp\www\jin\ThinkPHP\Lib\Template\ThinkTemplate.class.php 第 404 行.
NOTIC: [8192] preg_replace(): The /e modifier is deprecated, use preg_replace_callback instead F:\wamp\www\jin\ThinkPHP\Lib\Template\ThinkTemplate.class.php 第 404 行.
NOTIC: [8192] preg_replace(): The /e modifier is deprecated, use preg_replace_callback instead F:\wamp\www\jin\ThinkPHP\Lib\Template\ThinkTemplate.class.php 第 404 行.
NOTIC: [8192] preg_replace(): The /e modifier is deprecated, use preg_replace_callback instead F:\wamp\www\jin\ThinkPHP\Lib\Template\ThinkTemplate.class.php 第 404 行.
NOTIC: [8192] preg_replace(): The /e modifier is deprecated, use preg_replace_callback instead F:\wamp\www\jin\ThinkPHP\Lib\Template\ThinkTemplate.class.php 第 404 行.
NOTIC: [8192] preg_replace(): The /e modifier is deprecated, use preg_replace_callback instead F:\wamp\www\jin\ThinkPHP\Lib\Template\ThinkTemplate.class.php 第 404 行.
NOTIC: [8192] preg_replace(): The /e modifier is deprecated, use preg_replace_callback instead F:\wamp\www\jin\ThinkPHP\Lib\Template\ThinkTemplate.class.php 第 404 行.
NOTIC: [8192] preg_replace(): The /e modifier is deprecated, use preg_replace_callback instead F:\wamp\www\jin\ThinkPHP\Lib\Template\ThinkTemplate.class.php 第 404 行.
NOTIC: [8192] preg_replace(): The /e modifier is deprecated, use preg_replace_callback instead F:\wamp\www\jin\ThinkPHP\Lib\Template\ThinkTemplate.class.php 第 404 行.
NOTIC: [8192] preg_replace(): The /e modifier is deprecated, use preg_replace_callback instead F:\wamp\www\jin\ThinkPHP\Lib\Template\ThinkTemplate.class.php 第 404 行.
NOTIC: [8192] preg_replace(): The /e modifier is deprecated, use preg_replace_callback instead F:\wamp\www\jin\ThinkPHP\Lib\Template\ThinkTemplate.class.php 第 404 行.
NOTIC: [8192] preg_replace(): The /e modifier is deprecated, use preg_replace_callback instead F:\wamp\www\jin\ThinkPHP\Lib\Template\ThinkTemplate.class.php 第 404 行.
NOTIC: [8192] preg_replace(): The /e modifier is deprecated, use preg_replace_callback instead F:\wamp\www\jin\ThinkPHP\Lib\Template\ThinkTemplate.class.php 第 404 行.
NOTIC: [8192] preg_replace(): The /e modifier is deprecated, use preg_replace_callback instead F:\wamp\www\jin\ThinkPHP\Lib\Template\ThinkTemplate.class.php 第 404 行.
NOTIC: [8192] preg_replace(): The /e modifier is deprecated, use preg_replace_callback instead F:\wamp\www\jin\ThinkPHP\Lib\Template\ThinkTemplate.class.php 第 404 行.
NOTIC: [8192] preg_replace(): The /e modifier is deprecated, use preg_replace_callback instead F:\wamp\www\jin\ThinkPHP\Lib\Template\ThinkTemplate.class.php 第 404 行.
NOTIC: [8192] preg_replace(): The /e modifier is deprecated, use preg_replace_callback instead F:\wamp\www\jin\ThinkPHP\Lib\Template\ThinkTemplate.class.php 第 404 行.
NOTIC: [8192] preg_replace(): The /e modifier is deprecated, use preg_replace_callback instead F:\wamp\www\jin\ThinkPHP\Lib\Template\ThinkTemplate.class.php 第 404 行.
NOTIC: [8192] preg_replace(): The /e modifier is deprecated, use preg_replace_callback instead F:\wamp\www\jin\ThinkPHP\Lib\Template\ThinkTemplate.class.php 第 404 行.
NOTIC: [8192] preg_replace(): The /e modifier is deprecated, use preg_replace_callback instead F:\wamp\www\jin\ThinkPHP\Lib\Template\ThinkTemplate.class.php 第 404 行.
NOTIC: [8192] preg_replace(): The /e modifier is deprecated, use preg_replace_callback instead F:\wamp\www\jin\ThinkPHP\Lib\Template\ThinkTemplate.class.php 第 404 行.
NOTIC: [8192] preg_replace(): The /e modifier is deprecated, use preg_replace_callback instead F:\wamp\www\jin\ThinkPHP\Lib\Template\ThinkTemplate.class.php 第 404 行.
NOTIC: [8192] preg_replace(): The /e modifier is deprecated, use preg_replace_callback instead F:\wamp\www\jin\ThinkPHP\Lib\Template\ThinkTemplate.class.php 第 404 行.
NOTIC: [8192] preg_replace(): The /e modifier is deprecated, use preg_replace_callback instead F:\wamp\www\jin\ThinkPHP\Lib\Template\ThinkTemplate.class.php 第 404 行.
NOTIC: [8192] preg_replace(): The /e modifier is deprecated, use preg_replace_callback instead F:\wamp\www\jin\ThinkPHP\Lib\Template\ThinkTemplate.class.php 第 404 行.
NOTIC: [8192] preg_replace(): The /e modifier is deprecated, use preg_replace_callback instead F:\wamp\www\jin\ThinkPHP\Lib\Template\ThinkTemplate.class.php 第 399 行.
NOTIC: [8192] preg_replace(): The /e modifier is deprecated, use preg_replace_callback instead F:\wamp\www\jin\ThinkPHP\Lib\Template\ThinkTemplate.class.php 第 399 行.
NOTIC: [8192] preg_replace(): The /e modifier is deprecated, use preg_replace_callback instead F:\wamp\www\jin\ThinkPHP\Lib\Template\ThinkTemplate.class.php 第 399 行.
NOTIC: [8192] preg_replace(): The /e modifier is deprecated, use preg_replace_callback instead F:\wamp\www\jin\ThinkPHP\Lib\Template\ThinkTemplate.class.php 第 399 行.
NOTIC: [8192] preg_replace(): The /e modifier is deprecated, use preg_replace_callback instead F:\wamp\www\jin\ThinkPHP\Lib\Template\ThinkTemplate.class.php 第 399 行.
NOTIC: [8192] preg_replace(): The /e modifier is deprecated, use preg_replace_callback instead F:\wamp\www\jin\ThinkPHP\Lib\Template\ThinkTemplate.class.php 第 399 行.
NOTIC: [8192] preg_replace(): The /e modifier is deprecated, use preg_replace_callback instead F:\wamp\www\jin\ThinkPHP\Lib\Template\ThinkTemplate.class.php 第 404 行.
NOTIC: [8192] preg_replace(): The /e modifier is deprecated, use preg_replace_callback instead F:\wamp\www\jin\ThinkPHP\Lib\Template\ThinkTemplate.class.php 第 404 行.
NOTIC: [8192] preg_replace(): The /e modifier is deprecated, use preg_replace_callback instead F:\wamp\www\jin\ThinkPHP\Lib\Template\ThinkTemplate.class.php 第 404 行.
NOTIC: [8192] preg_replace(): The /e modifier is deprecated, use preg_replace_callback instead F:\wamp\www\jin\ThinkPHP\Lib\Template\ThinkTemplate.class.php 第 197 行.
NOTIC: [8192] preg_replace(): The /e modifier is deprecated, use preg_replace_callback instead F:\wamp\www\jin\ThinkPHP\Lib\Template\ThinkTemplate.class.php 第 137 行.
NOTIC: [8] Undefined offset: 0 F:\wamp\www\jin\Home\Runtime\Cache\f96fcd6b5692051834bad8555ba33540.php 第 76 行.
NOTIC: [8] Undefined offset: 0 F:\wamp\www\jin\Home\Runtime\Cache\f96fcd6b5692051834bad8555ba33540.php 第 79 行.
NOTIC: [8] Undefined offset: 0 F:\wamp\www\jin\Home\Runtime\Cache\f96fcd6b5692051834bad8555ba33540.php 第 82 行.
NOTIC: [8] Undefined offset: 0 F:\wamp\www\jin\Home\Runtime\Cache\f96fcd6b5692051834bad8555ba33540.php 第 84 行.
INFO: ParseTemplate Behavior ::run [ RunTime:0.097005s ]
INFO: [ view_parse ] --END-- [ RunTime:0.097005s ]
INFO: [ view_filter ] --START--
INFO: ContentReplace Behavior ::run [ RunTime:0.000000s ]
INFO: TokenBuild Behavior ::run [ RunTime:0.001000s ]
INFO: WriteHtmlCache Behavior ::run [ RunTime:0.001000s ]
INFO: ShowRuntime Behavior ::run [ RunTime:0.001000s ]
INFO: [ view_filter ] --END-- [ RunTime:0.005000s ]
INFO: [ view_end ] --START--
INFO: ShowPageTrace Behavior ::run [ RunTime:0.001000s ]
INFO: [ view_end ] --END-- [ RunTime:0.001000s ]

